*------------------------------------------------------------*
Utente:             Maria Vallarelli
Data:               25 ottobre 2020
Ora:                22:51:01
*------------------------------------------------------------*
* Output di training
*------------------------------------------------------------*
 
 
 
 
Riepilogo delle variabili
 
                         Conteggio
          Livello di         di
Ruolo     misurazione    frequenza
 
INPUT      BINARY             4
INPUT      INTERVAL           6
INPUT      NOMINAL           13
TARGET     BINARY             1
 
 
 
 
Riepilogo della partizione
 
                                     Numero di
Tipo             Data set          osservazioni
 
DATA        EMWS1.Stat_TRAIN           6778
TRAIN       EMWS1.Part_TRAIN           4743
VALIDATE    EMWS1.Part_VALIDATE        2035


*------------------------------------------------------------*
* Output di scoring
*------------------------------------------------------------*


*------------------------------------------------------------*
* Output dei report
*------------------------------------------------------------*
 
 
 
 
Statistiche di riepilogo per target categorici
 
Dati=DATA
 
                                       Conteggio
              Valore       Valore          di
Variabile    numerico    formattato    frequenza    Percentuale    Etichetta
 
target10         0           0            4003        59.0587      target10
target10         1           1            2775        40.9413      target10
 
 
Dati=TRAIN
 
                                       Conteggio
              Valore       Valore          di
Variabile    numerico    formattato    frequenza    Percentuale    Etichetta
 
target10         0           0            2801        59.0555      target10
target10         1           1            1942        40.9445      target10
 
 
Dati=VALIDATE
 
                                       Conteggio
              Valore       Valore          di
Variabile    numerico    formattato    frequenza    Percentuale    Etichetta
 
target10         0           0            1202        59.0663      target10
target10         1           1             833        40.9337      target10
