*------------------------------------------------------------*
* Log dei report
Data:               25 ottobre 2020
Ora:                22:51:00
*------------------------------------------------------------*
12014  *------------------------------------------------------------*;
12015  * Part: calcolo delle statistiche per le variabili target categoriche;
12016  *------------------------------------------------------------*;
12017  ods listing close;
12018  ods output onewayfreqs=WORK.TEMPFREQ;
12019  proc freq data = EMWS1.Stat_TRAIN order=formatted addnames;
12020  table target10 / missing;
12021  run;

NOTE: There were 6778 observations read from the data set LIB.AUTOSCOUT_TRAIN.
NOTE: Visualizza EMWS1.STAT_TRAIN.VIEW used (Total process time):
      real time           0.11 seconds
      cpu time            0.09 seconds
      
NOTE: There were 6778 observations read from the data set EMWS1.IDS_DATA.
NOTE: The data set WORK.TEMPFREQ has 2 observations and 8 variables.
NOTE: There were 6778 observations read from the data set EMWS1.STAT_TRAIN.
NOTE: PROCEDURE FREQ used (Total process time):
      real time           0.13 seconds
      cpu time            0.11 seconds
      

12022  quit;
12023  ods listing;
12024  data WORK.Part_BAR(keep=_VARIABLE_ TYPE COUNT PERCENT _X_ _XLABEL_);
12025  label _VARIABLE_ = "%sysfunc(sasmsg(sashelp.dmine, rpt_variable_vlabel, NOQUOTE))" Type = "%sysfunc(sasmsg(sashelp.dmine, rpt_type_vlabel,         NOQUOTE))" _X_ = "%sysfunc(sasmsg(sashelp.dmine, rpt_numValue_vlabel, NOQUOTE))" _XLABEL_ =
12026     "%sysfunc(sasmsg(sashelp.dmine, rpt_fmtValue_vlabel ,    NOQUOTE))" COUNT = "%sysfunc(sasmsg(sashelp.dmine, rpt_count_vlabel,        NOQUOTE))" PERCENT = "%sysfunc(sasmsg(sashelp.dmine, rpt_percent_vlabel,      NOQUOTE))";
12027  dsid = open("WORK.TEMPFREQ");
12028  varnum = varnum(dsid, 'VARIABLE');
12029  freqnum = varnum(dsid, 'FREQUENCY');
12030  pvarnum = varnum(dsid, 'PERCENT');
12031  typenum = varnum(dsid, '_TYPE_');
12032  length _VARIABLE_ $32 TYPE $1 _XLABEL_ $32;
12033  do while(^fetch(dsid));
12034  _VARIABLE_ = strip(getvarc(dsid, varnum));
12035  count = getvarn(dsid, freqnum);
12036  percent= getvarn(dsid, pvarnum);
12037  vvarnum = varnum(dsid, _VARIABLE_);
12038  type = vartype(dsid, vvarnum);
12039  fvarnum = varnum(dsid, 'F_'!!substr(_VARIABLE_, 1, 30));
12040  _XLABEL_ = left(getvarc(dsid, fvarnum));
12041  _X_ = .;
12042  if TYPE eq 'N' then _X_ = getvarn(dsid, vvarnum);
12043  output;
12044  end;
12045  dsid = close(dsid);
12046  run;

NOTE: The data set WORK.PART_BAR has 2 observations and 6 variables.
NOTE: DATA statement used (Total process time):
      real time           0.03 seconds
      cpu time            0.01 seconds
      

12047  proc sort data=WORK.Part_BAR NOTHREADS;
12048  by _VARIABLE_;
12049  run;

NOTE: There were 2 observations read from the data set WORK.PART_BAR.
NOTE: The data set WORK.PART_BAR has 2 observations and 6 variables.
NOTE: PROCEDURE SORT used (Total process time):
      real time           0.00 seconds
      cpu time            0.00 seconds
      

12050  proc sort data=WORK.M2L1BGCC;
12051  by Name;
12052  run;

NOTE: There were 1 observations read from the data set WORK.M2L1BGCC.
NOTE: The data set WORK.M2L1BGCC has 1 observations and 21 variables.
NOTE: PROCEDURE SORT used (Total process time):
      real time           0.00 seconds
      cpu time            0.00 seconds
      

12053  data WORK.Part_BAR;
12054  merge WORK.Part_BAR(in=_a) WORK.M2L1BGCC(keep=Name Label Role rename=(Name=_Variable_ Label=_Label_));
12055  by _Variable_;
12056  label Role = "%sysfunc(sasmsg(sashelp.dmine, meta_role_vlabel ,  NOQUOTE))";
12057  label Label = "%sysfunc(sasmsg(sashelp.dmine, meta_label_vlabel , NOQUOTE))";
12058  if _a then output;
12059  run;

NOTE: Variable Label is uninitialized.
WARNING: Multiple lengths were specified for the BY variable _VARIABLE_ by input data sets. This might cause unexpected results.
NOTE: There were 2 observations read from the data set WORK.PART_BAR.
NOTE: There were 1 observations read from the data set WORK.M2L1BGCC.
NOTE: The data set WORK.PART_BAR has 2 observations and 8 variables.
NOTE: DATA statement used (Total process time):
      real time           0.01 seconds
      cpu time            0.01 seconds
      

12060  data EMWS1.Part_CLASS;
12061  length DATA $8;
12062  set WORK.Part_BAR;
12063  DATA = "DATA";
12064  run;

NOTE: There were 2 observations read from the data set WORK.PART_BAR.
NOTE: The data set EMWS1.PART_CLASS has 2 observations and 9 variables.
NOTE: DATA statement used (Total process time):
      real time           0.00 seconds
      cpu time            0.00 seconds
      

12065  *------------------------------------------------------------*;
12066  * Part: calcolo delle statistiche per le variabili target continue;
12067  *------------------------------------------------------------*;
12068  *------------------------------------------------------------*;
12069  * Part: calcolo delle statistiche per le variabili target categoriche;
12070  *------------------------------------------------------------*;
12071  ods listing close;
12072  ods output onewayfreqs=WORK.TEMPFREQ;
12073  proc freq data = EMWS1.Part_TRAIN order=formatted addnames;
12074  table target10 / missing;
12075  run;

NOTE: The data set WORK.TEMPFREQ has 2 observations and 8 variables.
NOTE: There were 4743 observations read from the data set EMWS1.PART_TRAIN.
NOTE: PROCEDURE FREQ used (Total process time):
      real time           0.02 seconds
      cpu time            0.03 seconds
      

12076  quit;
12077  ods listing;
12078  data WORK.Part_BAR(keep=_VARIABLE_ TYPE COUNT PERCENT _X_ _XLABEL_);
12079  label _VARIABLE_ = "%sysfunc(sasmsg(sashelp.dmine, rpt_variable_vlabel, NOQUOTE))" Type = "%sysfunc(sasmsg(sashelp.dmine, rpt_type_vlabel,         NOQUOTE))" _X_ = "%sysfunc(sasmsg(sashelp.dmine, rpt_numValue_vlabel, NOQUOTE))" _XLABEL_ =
12080     "%sysfunc(sasmsg(sashelp.dmine, rpt_fmtValue_vlabel ,    NOQUOTE))" COUNT = "%sysfunc(sasmsg(sashelp.dmine, rpt_count_vlabel,        NOQUOTE))" PERCENT = "%sysfunc(sasmsg(sashelp.dmine, rpt_percent_vlabel,      NOQUOTE))";
12081  dsid = open("WORK.TEMPFREQ");
12082  varnum = varnum(dsid, 'VARIABLE');
12083  freqnum = varnum(dsid, 'FREQUENCY');
12084  pvarnum = varnum(dsid, 'PERCENT');
12085  typenum = varnum(dsid, '_TYPE_');
12086  length _VARIABLE_ $32 TYPE $1 _XLABEL_ $32;
12087  do while(^fetch(dsid));
12088  _VARIABLE_ = strip(getvarc(dsid, varnum));
12089  count = getvarn(dsid, freqnum);
12090  percent= getvarn(dsid, pvarnum);
12091  vvarnum = varnum(dsid, _VARIABLE_);
12092  type = vartype(dsid, vvarnum);
12093  fvarnum = varnum(dsid, 'F_'!!substr(_VARIABLE_, 1, 30));
12094  _XLABEL_ = left(getvarc(dsid, fvarnum));
12095  _X_ = .;
12096  if TYPE eq 'N' then _X_ = getvarn(dsid, vvarnum);
12097  output;
12098  end;
12099  dsid = close(dsid);
12100  run;

NOTE: The data set WORK.PART_BAR has 2 observations and 6 variables.
NOTE: DATA statement used (Total process time):
      real time           0.02 seconds
      cpu time            0.03 seconds
      

12101  proc sort data=WORK.Part_BAR NOTHREADS;
12102  by _VARIABLE_;
12103  run;

NOTE: There were 2 observations read from the data set WORK.PART_BAR.
NOTE: The data set WORK.PART_BAR has 2 observations and 6 variables.
NOTE: PROCEDURE SORT used (Total process time):
      real time           0.00 seconds
      cpu time            0.01 seconds
      

12104  proc sort data=WORK.M2L1BGCC;
12105  by Name;
12106  run;

NOTE: Input data set is already sorted, no sorting done.
NOTE: PROCEDURE SORT used (Total process time):
      real time           0.00 seconds
      cpu time            0.00 seconds
      

12107  data WORK.Part_BAR;
12108  merge WORK.Part_BAR(in=_a) WORK.M2L1BGCC(keep=Name Label Role rename=(Name=_Variable_ Label=_Label_));
12109  by _Variable_;
12110  label Role = "%sysfunc(sasmsg(sashelp.dmine, meta_role_vlabel ,  NOQUOTE))";
12111  label Label = "%sysfunc(sasmsg(sashelp.dmine, meta_label_vlabel , NOQUOTE))";
12112  if _a then output;
12113  run;

NOTE: Variable Label is uninitialized.
WARNING: Multiple lengths were specified for the BY variable _VARIABLE_ by input data sets. This might cause unexpected results.
NOTE: There were 2 observations read from the data set WORK.PART_BAR.
NOTE: There were 1 observations read from the data set WORK.M2L1BGCC.
NOTE: The data set WORK.PART_BAR has 2 observations and 8 variables.
NOTE: DATA statement used (Total process time):
      real time           0.01 seconds
      cpu time            0.01 seconds
      

12114  data WORK.Part_BAR;
12115  length DATA $8;
12116  set WORK.Part_BAR;
12117  DATA = "TRAIN";
12118  run;

NOTE: There were 2 observations read from the data set WORK.PART_BAR.
NOTE: The data set WORK.PART_BAR has 2 observations and 9 variables.
NOTE: DATA statement used (Total process time):
      real time           0.00 seconds
      cpu time            0.01 seconds
      

12119  data EMWS1.Part_CLASS;
12120  set EMWS1.Part_CLASS WORK.Part_BAR;
12121  run;

NOTE: There were 2 observations read from the data set EMWS1.PART_CLASS.
NOTE: There were 2 observations read from the data set WORK.PART_BAR.
NOTE: The data set EMWS1.PART_CLASS has 4 observations and 9 variables.
NOTE: DATA statement used (Total process time):
      real time           0.01 seconds
      cpu time            0.01 seconds
      

12122  *------------------------------------------------------------*;
12123  * Part: calcolo delle statistiche per le variabili target continue;
12124  *------------------------------------------------------------*;
12125  *------------------------------------------------------------*;
12126  * Part: calcolo delle statistiche per le variabili target categoriche;
12127  *------------------------------------------------------------*;
12128  ods listing close;
12129  ods output onewayfreqs=WORK.TEMPFREQ;
12130  proc freq data = EMWS1.Part_VALIDATE order=formatted addnames;
12131  table target10 / missing;
12132  run;

NOTE: The data set WORK.TEMPFREQ has 2 observations and 8 variables.
NOTE: There were 2035 observations read from the data set EMWS1.PART_VALIDATE.
NOTE: PROCEDURE FREQ used (Total process time):
      real time           0.01 seconds
      cpu time            0.01 seconds
      

12133  quit;
12134  ods listing;
12135  data WORK.Part_BAR(keep=_VARIABLE_ TYPE COUNT PERCENT _X_ _XLABEL_);
12136  label _VARIABLE_ = "%sysfunc(sasmsg(sashelp.dmine, rpt_variable_vlabel, NOQUOTE))" Type = "%sysfunc(sasmsg(sashelp.dmine, rpt_type_vlabel,         NOQUOTE))" _X_ = "%sysfunc(sasmsg(sashelp.dmine, rpt_numValue_vlabel, NOQUOTE))" _XLABEL_ =
12137     "%sysfunc(sasmsg(sashelp.dmine, rpt_fmtValue_vlabel ,    NOQUOTE))" COUNT = "%sysfunc(sasmsg(sashelp.dmine, rpt_count_vlabel,        NOQUOTE))" PERCENT = "%sysfunc(sasmsg(sashelp.dmine, rpt_percent_vlabel,      NOQUOTE))";
12138  dsid = open("WORK.TEMPFREQ");
12139  varnum = varnum(dsid, 'VARIABLE');
12140  freqnum = varnum(dsid, 'FREQUENCY');
12141  pvarnum = varnum(dsid, 'PERCENT');
12142  typenum = varnum(dsid, '_TYPE_');
12143  length _VARIABLE_ $32 TYPE $1 _XLABEL_ $32;
12144  do while(^fetch(dsid));
12145  _VARIABLE_ = strip(getvarc(dsid, varnum));
12146  count = getvarn(dsid, freqnum);
12147  percent= getvarn(dsid, pvarnum);
12148  vvarnum = varnum(dsid, _VARIABLE_);
12149  type = vartype(dsid, vvarnum);
12150  fvarnum = varnum(dsid, 'F_'!!substr(_VARIABLE_, 1, 30));
12151  _XLABEL_ = left(getvarc(dsid, fvarnum));
12152  _X_ = .;
12153  if TYPE eq 'N' then _X_ = getvarn(dsid, vvarnum);
12154  output;
12155  end;
12156  dsid = close(dsid);
12157  run;

NOTE: The data set WORK.PART_BAR has 2 observations and 6 variables.
NOTE: DATA statement used (Total process time):
      real time           0.02 seconds
      cpu time            0.01 seconds
      

12158  proc sort data=WORK.Part_BAR NOTHREADS;
12159  by _VARIABLE_;
12160  run;

NOTE: There were 2 observations read from the data set WORK.PART_BAR.
NOTE: The data set WORK.PART_BAR has 2 observations and 6 variables.
NOTE: PROCEDURE SORT used (Total process time):
      real time           0.00 seconds
      cpu time            0.01 seconds
      

12161  proc sort data=WORK.M2L1BGCC;
12162  by Name;
12163  run;

NOTE: Input data set is already sorted, no sorting done.
NOTE: PROCEDURE SORT used (Total process time):
      real time           0.00 seconds
      cpu time            0.00 seconds
      

12164  data WORK.Part_BAR;
12165  merge WORK.Part_BAR(in=_a) WORK.M2L1BGCC(keep=Name Label Role rename=(Name=_Variable_ Label=_Label_));
12166  by _Variable_;
12167  label Role = "%sysfunc(sasmsg(sashelp.dmine, meta_role_vlabel ,  NOQUOTE))";
12168  label Label = "%sysfunc(sasmsg(sashelp.dmine, meta_label_vlabel , NOQUOTE))";
12169  if _a then output;
12170  run;

NOTE: Variable Label is uninitialized.
WARNING: Multiple lengths were specified for the BY variable _VARIABLE_ by input data sets. This might cause unexpected results.
NOTE: There were 2 observations read from the data set WORK.PART_BAR.
NOTE: There were 1 observations read from the data set WORK.M2L1BGCC.
NOTE: The data set WORK.PART_BAR has 2 observations and 8 variables.
NOTE: DATA statement used (Total process time):
      real time           0.01 seconds
      cpu time            0.00 seconds
      

12171  data WORK.Part_BAR;
12172  length DATA $8;
12173  set WORK.Part_BAR;
12174  DATA = "VALIDATE";
12175  run;

NOTE: There were 2 observations read from the data set WORK.PART_BAR.
NOTE: The data set WORK.PART_BAR has 2 observations and 9 variables.
NOTE: DATA statement used (Total process time):
      real time           0.01 seconds
      cpu time            0.01 seconds
      

12176  data EMWS1.Part_CLASS;
12177  set EMWS1.Part_CLASS WORK.Part_BAR;
12178  run;

NOTE: There were 4 observations read from the data set EMWS1.PART_CLASS.
NOTE: There were 2 observations read from the data set WORK.PART_BAR.
NOTE: The data set EMWS1.PART_CLASS has 6 observations and 9 variables.
NOTE: DATA statement used (Total process time):
      real time           0.01 seconds
      cpu time            0.00 seconds
      

12179  *------------------------------------------------------------*;
12180  * Part: calcolo delle statistiche per le variabili target continue;
12181  *------------------------------------------------------------*;
12182  data EMWS1.Part_CLASS(rename=(_VARIABLE_=VARIABLE _X_=VALUE _XLABEL_=FORMATTEDVALUE));
12183  label DATA = "%sysfunc(sasmsg(sashelp.dmine, rpt_data_vlabel ,   NOQUOTE))";
12184  set EMWS1.Part_CLASS;
12185  drop type role;
12186  run;

NOTE: There were 6 observations read from the data set EMWS1.PART_CLASS.
NOTE: The data set EMWS1.PART_CLASS has 6 observations and 7 variables.
NOTE: DATA statement used (Total process time):
      real time           0.01 seconds
      cpu time            0.03 seconds
      

12187  proc sort data=EMWS1.Part_CLASS NOTHREADS;
12188  by DATA;
12189  run;

NOTE: There were 6 observations read from the data set EMWS1.PART_CLASS.
NOTE: The data set EMWS1.PART_CLASS has 6 observations and 7 variables.
NOTE: PROCEDURE SORT used (Total process time):
      real time           0.00 seconds
      cpu time            0.00 seconds
      

12190  %let _cn = %sysfunc(getoption(CENTER));
12191  %let _nb = %sysfunc(getoption(NUMBER));
12192  options nonumber nocenter;
12193  proc print data=EMWS1.Part_CLASS noobs label;
12194  by DATA;
12195  title9 ' ';
12196  title10 "%sysfunc(sasmsg(sashelp.dmine, rpt_classTargetStats_title, NOQUOTE))";
12197  run;

NOTE: There were 6 observations read from the data set EMWS1.PART_CLASS.
NOTE: The PROCEDURE PRINT printed page 3.
NOTE: PROCEDURE PRINT used (Total process time):
      real time           0.00 seconds
      cpu time            0.00 seconds
      

12198  title10;
12199  options &_cn &_nb;

