*------------------------------------------------------------*
* Log di training
Data:               25 ottobre 2020
Ora:                22:50:58
*------------------------------------------------------------*
11423  proc freq data=EMWS1.Part_VariableSet noprint;
11424  table ROLE*LEVEL/out=WORK.PartMETA;
11425  run;

NOTE: There were 24 observations read from the data set EMWS1.PART_VARIABLESET.
NOTE: The data set WORK.PARTMETA has 4 observations and 4 variables.
NOTE: PROCEDURE FREQ used (Total process time):
      real time           0.06 seconds
      cpu time            0.03 seconds
      

11426  proc print data=WORK.PartMETA label noobs;
11427  var ROLE LEVEL COUNT;
11428  label ROLE = "%sysfunc(sasmsg(sashelp.dmine, meta_role_vlabel, NOQUOTE))" LEVEL = "%sysfunc(sasmsg(sashelp.dmine, meta_level_vlabel, NOQUOTE))" COUNT = "%sysfunc(sasmsg(sashelp.dmine, rpt_count_vlabel, NOQUOTE))";
11429  title9 ' ';
11430  title10 "%sysfunc(sasmsg(sashelp.dmine, rpt_varSummary_title  , NOQUOTE))";
11431  run;

NOTE: There were 4 observations read from the data set WORK.PARTMETA.
NOTE: The PROCEDURE PRINT printed page 1.
NOTE: PROCEDURE PRINT used (Total process time):
      real time           0.02 seconds
      cpu time            0.01 seconds
      

11432  title10;

11440  *------------------------------------------------------------*;
11441  * Part: Determine number of observations;
11442  *------------------------------------------------------------*;
11443  proc sql;
11444  reset noprint;
11445  select count(*) into :_tmpa from EMWS1.Stat_TRAIN
11446  ;
NOTE: There were 6778 observations read from the data set LIB.AUTOSCOUT_TRAIN.
NOTE: Visualizza EMWS1.STAT_TRAIN.VIEW used (Total process time):
      real time           0.16 seconds
      cpu time            0.14 seconds
      
NOTE: There were 6778 observations read from the data set EMWS1.IDS_DATA.
11447  quit;
NOTE: PROCEDURE SQL used (Total process time):
      real time           0.22 seconds
      cpu time            0.18 seconds
      

trainPct=70 validatePct=30 testPct=0 
NOTE: Visualizza EMWS1.STAT_TRAIN.VIEW used (Total process time):
      real time           0.11 seconds
      cpu time            0.11 seconds
      
11448  *------------------------------------------------------------*;
11449  * Part: Retrieving stratification variable(s) levels;
11450  *------------------------------------------------------------*;
11451  proc freq data=EMWS1.Stat_TRAIN noprint;
11452  format
11453  target10 BEST.
11454  ;
11455  table
11456  target10
11457  /out=WORK.Part_FREQ(drop=percent);
11458  run;

NOTE: There were 6778 observations read from the data set LIB.AUTOSCOUT_TRAIN.
NOTE: Visualizza EMWS1.STAT_TRAIN.VIEW used (Total process time):
      real time           0.13 seconds
      cpu time            0.14 seconds
      
NOTE: There were 6778 observations read from the data set EMWS1.IDS_DATA.
NOTE: There were 6778 observations read from the data set EMWS1.STAT_TRAIN.
NOTE: The data set WORK.PART_FREQ has 2 observations and 2 variables.
NOTE: PROCEDURE FREQ used (Total process time):
      real time           0.17 seconds
      cpu time            0.17 seconds
      

11459  proc sort data=WORK.Part_FREQ;
11460  by descending count;
11461  run;

NOTE: There were 2 observations read from the data set WORK.PART_FREQ.
NOTE: The data set WORK.PART_FREQ has 2 observations and 2 variables.
NOTE: PROCEDURE SORT used (Total process time):
      real time           0.01 seconds
      cpu time            0.01 seconds
      

11462  * Part: Retrieving levels that meet minimum requirement;
11463  data WORK.Part_FREQ2(keep = count);
11464  set WORK.Part_FREQ;
11465  where (.01 * 70 * count) >= 3;
11466  run;

NOTE: There were 2 observations read from the data set WORK.PART_FREQ.
      WHERE (0.7*count)>=3;
NOTE: The data set WORK.PART_FREQ2 has 2 observations and 1 variables.
NOTE: DATA statement used (Total process time):
      real time           0.01 seconds
      cpu time            0.01 seconds
      

11467  *------------------------------------------------------------*;
11468  * Part: Create stratified partitioning;
11469  *------------------------------------------------------------*;
11470  data
11471  EMWS1.Part_TRAIN(label="")
11472  EMWS1.Part_VALIDATE(label="")
11473  ;
11474  retain _seed_ 12345;
11475  drop _seed_ _genvalue_;
11476  call ranuni(_seed_, _genvalue_);
11477  label _dataobs_ = "%sysfunc(sasmsg(sashelp.dmine, sample_dataobs_vlabel, NOQUOTE))";
11478  _dataobs_ = _N_;
11479  drop _c00:;
11480  set EMWS1.Stat_TRAIN;
11481  length _Pformat1 $58;
11482  drop _Pformat1;
11483  _Pformat1 = strip(put(target10, BEST.));
11484  if
11485  _Pformat1 = '0'
11486  then do;
11487  if (4003+1-_C000003)*_genvalue_ <= (2802 - _C000001) then do;
11488  _C000001 + 1;
11489  output EMWS1.Part_TRAIN;
11490  end;
11491  else do;
11492  _C000002 + 1;
11493  output EMWS1.Part_VALIDATE;
11494  end;
11495  _C000003+1;
11496  end;
11497  else if
11498  _Pformat1 = '1'
11499  then do;
11500  if (2775+1-_C000006)*_genvalue_ <= (1943 - _C000004) then do;
11501  _C000004 + 1;
11502  output EMWS1.Part_TRAIN;
11503  end;
11504  else do;
11505  _C000005 + 1;
11506  output EMWS1.Part_VALIDATE;
11507  end;
11508  _C000006+1;
11509  end;
11510  run;

NOTE: There were 6778 observations read from the data set LIB.AUTOSCOUT_TRAIN.
NOTE: Visualizza EMWS1.STAT_TRAIN.VIEW used (Total process time):
      real time           0.12 seconds
      cpu time            0.10 seconds
      
NOTE: There were 6778 observations read from the data set EMWS1.IDS_DATA.
NOTE: There were 6778 observations read from the data set EMWS1.STAT_TRAIN.
NOTE: The data set EMWS1.PART_TRAIN has 4743 observations and 41 variables.
NOTE: The data set EMWS1.PART_VALIDATE has 2035 observations and 41 variables.
NOTE: DATA statement used (Total process time):
      real time           0.16 seconds
      cpu time            0.14 seconds
      

11511  data _tempNobs;
11512  length Type $8 Table $32 Nobs 8;
11513  label type= "%sysfunc(sasmsg(sashelp.dmine, meta_type_vlabel,    NOQUOTE))" table = "%sysfunc(sasmsg(sashelp.dmine, meta_dataset_vlabel, NOQUOTE))" nobs = "%sysfunc(sasmsg(sashelp.dmine,  rpt_numObs_vlabel,   NOQUOTE))";
11514  type='DATA';
11515  table="EMWS1.Stat_TRAIN";
11516  Nobs=6778;
11517  output;
11518  type='TRAIN';
11519  table="EMWS1.Part_TRAIN";
11520  Nobs=4743;
11521  output;
11522  type='VALIDATE';
11523  table="EMWS1.Part_VALIDATE";
11524  Nobs=2035;
11525  output;
11526  run;

NOTE: The data set WORK._TEMPNOBS has 3 observations and 3 variables.
NOTE: DATA statement used (Total process time):
      real time           0.02 seconds
      cpu time            0.03 seconds
      

11527  %let _cn = %sysfunc(getoption(CENTER));
11528  %let _nb = %sysfunc(getoption(NUMBER));
11529  options nonumber nocenter;
11530  proc print data=_tempNobs noobs label;
11531  title9 ' ';
11532  title10 "%sysfunc(sasmsg(sashelp.dmine, rpt_partitionSummary_title, NOQUOTE))";
11533  run;

NOTE: There were 3 observations read from the data set WORK._TEMPNOBS.
NOTE: The PROCEDURE PRINT printed page 2.
NOTE: PROCEDURE PRINT used (Total process time):
      real time           0.00 seconds
      cpu time            0.00 seconds
      

11534  title10;
11535  options &_cn &_nb;
11536  run;

