*------------------------------------------------------------*
Utente:             Maria Vallarelli
Data:               25 ottobre 2020
Ora:                22:54:45
Sito:                50306432
Piattaforma:            X64_10PRO
Release di maintenance: 9.04.01M5P091317
Versione di EM:          14.3
* 
*------------------------------------------------------------*
* Log di training
Data:               25 ottobre 2020
Ora:                22:54:35
*------------------------------------------------------------*
11423  proc freq data=EMWS1.Score_VariableSet noprint;
11424  table ROLE*LEVEL/out=WORK.ScoreMETA;
11425  run;
 
NOTE: There were 3 observations read from the data set EMWS1.SCORE_VARIABLESET.
NOTE: The data set WORK.SCOREMETA has 2 observations and 4 variables.
NOTE: PROCEDURE FREQ used (Total process time):
      real time           0.03 seconds
      cpu time            0.01 seconds
 
 
11426  proc print data=WORK.ScoreMETA label noobs;
11427  var ROLE LEVEL COUNT;
11428  label ROLE = "%sysfunc(sasmsg(sashelp.dmine, meta_role_vlabel, NOQUOTE))" LEVEL = "%sysfunc(sasmsg(sashelp.dmine, meta_level_vlabel, NOQUOTE))" COUNT = "%sysfunc(sasmsg(sashelp.dmine, rpt_count_vlabel, NOQUOTE))";
11429  title9 ' ';
11430  title10 "%sysfunc(sasmsg(sashelp.dmine, rpt_varSummary_title  , NOQUOTE))";
11431  run;
 
NOTE: There were 2 observations read from the data set WORK.SCOREMETA.
NOTE: The PROCEDURE PRINT printed page 1.
NOTE: PROCEDURE PRINT used (Total process time):
      real time           0.01 seconds
      cpu time            0.01 seconds
 
 
11432  title10;
 
11433  %let groupid =;
11434  %let endGroupid =;
11435  %let prescoreid =;
11436  %let idsTable =;
11437  %let hpdmTable =;
11438  %let lasthptm =;
11439  %let lastTm =;
11440  data _null_;
11441  set EMWS1.Tree_EMINFO;
11442  where upcase(key) in('LASTHPTM', 'LASTTMNODE', 'IDSTABLE', 'HPDMSAMPLE', 'PRESCORECODE','ENDGROUP', 'GROUPINFO', 'BOOSTINFO', 'BAGINFO', 'TARGETINFO', 'INDEXINFO');
11443  select(upcase(key));
11444  when('LASTHPTM') call symput('lasthptm', DATA);
11445  when('LASTTMNODE') call symput('lastTm', DATA);
11446  when('IDSTABLE') call symput('idsTable', DATA);
11447  when('HPDMSAMPLE') call symput('hpdmSample', DATA);
11448  when('PRESCORECODE') call symput('prescoreId', DATA);
11449  when('ENDGROUP') call symput('endGroupId', DATA);
11450  otherwise call symput('groupId', DATA);
11451  end;
11452  run;
 
NOTE: There were 1 observations read from the data set EMWS1.TREE_EMINFO.
      WHERE UPCASE(key) in ('BAGINFO', 'BOOSTINFO', 'ENDGROUP', 'GROUPINFO', 'HPDMSAMPLE', 'IDSTABLE', 'INDEXINFO', 'LASTHPTM', 'LASTTMNODE', 'PRESCORECODE', 'TARGETINFO');
NOTE: DATA statement used (Total process time):
      real time           0.00 seconds
      cpu time            0.00 seconds
 
 
Executing  SASHELP.EMCORE.EMINFOITERATOR.SCL _INIT >>
Executing  SASHELP.EMCORE.EMINFOITERATOR.SCL setMetaData >>
NOTE: There were 1 observations read from the data set EMWS1.TREE_EMINFO.
      WHERE (TARGET='target10') and (KEY='MODEL');
NOTE: The data set WORK.EMINFO433Q8JH8 has 1 observations and 3 variables.
Executing  SASHELP.EMCORE.EMINFOITERATOR.SCL NUMELEMENTS >>
Executing  SASHELP.EMCORE.EMINFOITERATOR.SCL _term >>
Executing  SASHELP.EMCORE.EMINFOITERATOR.SCL _INIT >>
Executing  SASHELP.EMCORE.EMINFOITERATOR.SCL setMetaData >>
NOTE: There were 1 observations read from the data set EMWS1.TREE_EMINFO.
      WHERE (TARGET='target10') and (KEY='DECMETA');
NOTE: The data set WORK.EMINFO43AEQ4X6 has 1 observations and 3 variables.
Executing  SASHELP.EMCORE.EMINFOITERATOR.SCL next >>
Executing  SASHELP.EMCORE.EMINFOITERATOR.SCL next >>
Executing  SASHELP.EMCORE.EMINFOITERATOR.SCL _term >>
11453  %let em_rootkey=;
11454  %let em_keytype=;
11455  %let em_keylen=;
11456  data _null_;
11457  set EMWS1.Ids_cmeta_data;
11458  where role='KEY';
11459  call symput('em_rootkey', strip(NAME));
11460  call symput('em_keytype', strip(TYPE));
11461  call symput('em_rootlen', strip(put(length, best.)));
11462  run;
 
NOTE: There were 0 observations read from the data set EMWS1.IDS_CMETA_DATA.
      WHERE role='KEY';
NOTE: DATA statement used (Total process time):
      real time           0.00 seconds
      cpu time            0.01 seconds
 
 
NOTE: This SAS session is using a registry in WORK.  All changes will be lost at the end of this session.
*------------------------------------------------------------*
* Log di scoring
Data:               25 ottobre 2020
Ora:                22:54:36
*------------------------------------------------------------*
11564  filename emflow "C:\Users\Maria Vallarelli\Desktop\MASTER SLIDE\STATISTICA\LABORATORIO\AUTOSCOUT\autoscout\Workspaces\EMWS1\Score\EMFLOWSCORE.sas";
11565  *------------------------------------------------------------*;
11566  * Score: Scoring DATA data;
11567  *------------------------------------------------------------*;
11568  data EMWS1.Score_TRAIN
11569  / view=EMWS1.Score_TRAIN
11570  ;
11571  set EMWS1.MdlComp_TRAIN
11572  ;
11573  %inc emflow;
11595  run;
 
NOTE: DATA STEP view saved on file EMWS1.SCORE_TRAIN.
NOTE: A stored DATA STEP view cannot run under a different operating system.
NOTE: Visualizza EMWS1.MDLCOMP_TRAIN.VIEW used (Total process time):
      real time           0.10 seconds
      cpu time            0.12 seconds
 
NOTE: DATA statement used (Total process time):
      real time           0.15 seconds
      cpu time            0.17 seconds
 
 
11596  quit;
11597  filename emflow;
NOTE: Fileref EMFLOW has been deassigned.
 
11598  filename emflow "C:\Users\Maria Vallarelli\Desktop\MASTER SLIDE\STATISTICA\LABORATORIO\AUTOSCOUT\autoscout\Workspaces\EMWS1\Score\EMFLOWSCORE.sas";
11599  *------------------------------------------------------------*;
11600  * Score: Scoring VALIDATE data;
11601  *------------------------------------------------------------*;
11602  data EMWS1.Score_VALIDATE
11603  / view=EMWS1.Score_VALIDATE
11604  ;
11605  set EMWS1.MdlComp_VALIDATE
11606  ;
11607  %inc emflow;
11629  run;
 
NOTE: DATA STEP view saved on file EMWS1.SCORE_VALIDATE.
NOTE: A stored DATA STEP view cannot run under a different operating system.
NOTE: Visualizza EMWS1.MDLCOMP_VALIDATE.VIEW used (Total process time):
      real time           0.11 seconds
      cpu time            0.12 seconds
 
NOTE: DATA statement used (Total process time):
      real time           0.13 seconds
      cpu time            0.14 seconds
 
 
11630  quit;
11631  filename emflow;
NOTE: Fileref EMFLOW has been deassigned.
 
11632  *------------------------------------------------------------*;
11633  * Score: creazione della tabella delle variabili di scoring di pubblicazione;
11634  *------------------------------------------------------------*;
11635  proc sort data=EMWS1.MdlComp_CMeta_TRAIN(keep= NAME ROLE CREATOR COMMENT LABEL) out=_temp;
11636  by NAME;
11637  run;
 
NOTE: There were 46 observations read from the data set EMWS1.MDLCOMP_CMETA_TRAIN.
NOTE: The data set WORK._TEMP has 46 observations and 5 variables.
NOTE: PROCEDURE SORT used (Total process time):
      real time           0.01 seconds
      cpu time            0.00 seconds
 
 
11638  proc sort data=EMWS1.Ids_cmeta_data(keep= NAME ROLE CREATOR COMMENT LABEL) out=_temp2;
11639  by NAME;
11640  run;
 
NOTE: There were 40 observations read from the data set EMWS1.IDS_CMETA_DATA.
NOTE: The data set WORK._TEMP2 has 40 observations and 5 variables.
NOTE: PROCEDURE SORT used (Total process time):
      real time           0.01 seconds
      cpu time            0.01 seconds
 
 
11641  data EMWS1.Score_EMINPUTVARS;
11642  merge _temp2(in=_a) _temp(in=_b);
11643  by NAME;
11644  length HIDE $1 SCOREVAR $1;
11645  label NAME = "%sysfunc(sasmsg(sashelp.dmine,  meta_name_vlabel ,    NOQUOTE))" ROLE = "%sysfunc(sasmsg(sashelp.dmine,  meta_role_vlabel ,    NOQUOTE))" CREATOR = "%sysfunc(sasmsg(sashelp.dmine,  meta_creator_vlabel , NOQUOTE))" COMMENT =
11646     "%sysfunc(sasmsg(sashelp.dmine,  meta_comment_vlabel , NOQUOTE))" LABEL = "%sysfunc(sasmsg(sashelp.dmine,  meta_label_vlabel ,   NOQUOTE))" HIDE = "%sysfunc(sasmsg(sashelp.dmine, rpt_hiddenVariable_vlabel,  NOQUOTE))" SCOREVAR =
11647     "%sysfunc(sasmsg(sashelp.dmine,  rpt_scoreVar_vlabel ,  NOQUOTE))";
11648  if _a and ^_b then HIDE = 'Y';
11649  if upcase(NAME) = "ALIMENTAZIONE" then HIDE = "N";
11650  if upcase(NAME) = "ANNO" then HIDE = "N";
11651  if upcase(NAME) = "CARROZZERIA" then HIDE = "N";
11652  if upcase(NAME) = "CILINDRATA" then HIDE = "N";
11653  if upcase(NAME) = "CILINDRI" then HIDE = "N";
11654  if upcase(NAME) = "CLASSE_EMISSIONI" then HIDE = "N";
11655  if upcase(NAME) = "COLORE_ESTERNO" then HIDE = "N";
11656  if upcase(NAME) = "CONSUMO_CARBURANTE_TOTALE" then HIDE = "N";
11657  if upcase(NAME) = "EMISSIONI_DI_CO2" then HIDE = "N";
11658  if upcase(NAME) = "F_TARGET10" then HIDE = "N";
11659  if upcase(NAME) = "I_TARGET10" then HIDE = "N";
11660  if upcase(NAME) = "MARCE" then HIDE = "N";
11661  if upcase(NAME) = "MODELLO" then HIDE = "N";
11662  if upcase(NAME) = "P_TARGET100" then HIDE = "N";
11663  if upcase(NAME) = "P_TARGET101" then HIDE = "N";
11664  if upcase(NAME) = "PER_NEOPATENTATI" then HIDE = "N";
11665  if upcase(NAME) = "PESO_A_VUOTO" then HIDE = "N";
11666  if upcase(NAME) = "PORTE" then HIDE = "N";
11667  if upcase(NAME) = "POSTI_A_SEDERE" then HIDE = "N";
11668  if upcase(NAME) = "Q_TARGET100" then HIDE = "N";
11669  if upcase(NAME) = "Q_TARGET101" then HIDE = "N";
11670  if upcase(NAME) = "REP_ANNO" then HIDE = "N";
11671  if upcase(NAME) = "REP_CILINDRATA" then HIDE = "N";
11672  if upcase(NAME) = "REP_CONSUMO_CARBURANTE_TOTALE" then HIDE = "N";
11673  if upcase(NAME) = "REP_EMISSIONI_DI_CO2" then HIDE = "N";
11674  if upcase(NAME) = "REP_PESO_A_VUOTO" then HIDE = "N";
11675  if upcase(NAME) = "REP_TIPO_DI_VERNICE" then HIDE = "N";
11676  if upcase(NAME) = "REP_PRICE" then HIDE = "N";
11677  if upcase(NAME) = "R_TARGET100" then HIDE = "N";
11678  if upcase(NAME) = "R_TARGET101" then HIDE = "N";
11679  if upcase(NAME) = "TAGLIANDI_CERTIFICATI" then HIDE = "N";
11680  if upcase(NAME) = "TIPO_DI_CAMBIO" then HIDE = "N";
11681  if upcase(NAME) = "TIPO_DI_UNITA" then HIDE = "N";
11682  if upcase(NAME) = "TIPO_DI_VERNICE" then HIDE = "N";
11683  if upcase(NAME) = "U_TARGET10" then HIDE = "N";
11684  if upcase(NAME) = "USATO_GARANTITO" then HIDE = "N";
11685  if upcase(NAME) = "V_TARGET100" then HIDE = "N";
11686  if upcase(NAME) = "V_TARGET101" then HIDE = "N";
11687  if upcase(NAME) = "VEICOLO_PER_NON_FUMATORI" then HIDE = "N";
11688  if upcase(NAME) = "_NODE_" then HIDE = "N";
11689  if upcase(NAME) = "_WARN_" then delete;
11690  if upcase(NAME) = "_DATAOBS_" then HIDE = "N";
11691  if upcase(NAME) = "B_TARGET10" then HIDE = "N";
11692  if upcase(NAME) = "CONDITIONAL_ON_PRICE" then HIDE = "N";
11693  if upcase(NAME) = "PRICE" then HIDE = "N";
11694  if upcase(NAME) = "TARGET10" then HIDE = "N";
11695  run;
 
NOTE: Variable SCOREVAR is uninitialized.
NOTE: There were 40 observations read from the data set WORK._TEMP2.
NOTE: There were 46 observations read from the data set WORK._TEMP.
NOTE: The data set EMWS1.SCORE_EMINPUTVARS has 61 observations and 7 variables.
NOTE: DATA statement used (Total process time):
      real time           0.03 seconds
      cpu time            0.04 seconds
 
 
11696  proc sort data=EMWS1.Score_EMINPUTVARS nodupkey;
11697  by NAME;
11698  where CREATOR='' or (NAME="TARGET10" and CREATOR='');
11699  run;
 
NOTE: There were 40 observations read from the data set EMWS1.SCORE_EMINPUTVARS.
      WHERE (CREATOR=' ') or ((NAME='TARGET10') and (CREATOR=' '));
NOTE: 0 observations with duplicate key values were deleted.
NOTE: The data set EMWS1.SCORE_EMINPUTVARS has 40 observations and 7 variables.
NOTE: PROCEDURE SORT used (Total process time):
      real time           0.00 seconds
      cpu time            0.00 seconds
 
 
11700  %let em_rootkey=;
11701  %let em_keytype=;
11702  %let em_keylen=;
11703  data _null_;
11704  set EMWS1.Ids_cmeta_data;
11705  where role='KEY';
11706  call symput('em_rootkey', strip(NAME));
11707  call symput('em_keytype', strip(TYPE));
11708  call symput('em_rootlen', strip(put(length, best.)));
11709  run;
 
NOTE: There were 0 observations read from the data set EMWS1.IDS_CMETA_DATA.
      WHERE role='KEY';
NOTE: DATA statement used (Total process time):
      real time           0.00 seconds
      cpu time            0.00 seconds
 
 
11710  filename _pref "C:\Users\Maria Vallarelli\Desktop\MASTER SLIDE\STATISTICA\LABORATORIO\AUTOSCOUT\autoscout\Workspaces\EMWS1\Score\EMPUBLISHSCORE.sas";
11711  options validvarname=ANY;
11712  proc FCMP NOEXECUTE IMPUTEDDEPS OUTDEPS=_temp;
11713  %INCLUDE _pref;
11733  run;
 
NOTE: Dependency structure written to data set _TEMP.
NOTE: PROCEDURE FCMP used (Total process time):
      real time           0.01 seconds
      cpu time            0.00 seconds
 
 
11734  options validvarname=V7;
11735  quit;
11736  filename _pref;
NOTE: Fileref _PREF has been deassigned.
11737  data _temp(rename=(RHS=NAME));
11738  length Node $32;
11739  retain ID 1 Node "Score";
11740  set _temp;
11741  run;
 
NOTE: There were 5 observations read from the data set WORK._TEMP.
NOTE: The data set WORK._TEMP has 5 observations and 14 variables.
NOTE: DATA statement used (Total process time):
      real time           0.01 seconds
      cpu time            0.01 seconds
 
 
11742  proc sort data=_temp;
11743  by NAME;
11744  run;
 
NOTE: There were 5 observations read from the data set WORK._TEMP.
NOTE: The data set WORK._TEMP has 5 observations and 14 variables.
NOTE: PROCEDURE SORT used (Total process time):
      real time           0.01 seconds
      cpu time            0.01 seconds
 
 
11745  proc sort data=EMWS1.MdlComp_CMeta_TRAIN out=_temp2(keep=NAME CREATOR);
11746  by NAME;
11747  run;
 
NOTE: There were 46 observations read from the data set EMWS1.MDLCOMP_CMETA_TRAIN.
NOTE: The data set WORK._TEMP2 has 46 observations and 2 variables.
NOTE: PROCEDURE SORT used (Total process time):
      real time           0.01 seconds
      cpu time            0.01 seconds
 
 
11748  data _temp2;
11749  length CREATOR $32;
11750  set _temp2;
11751  run;
 
NOTE: There were 46 observations read from the data set WORK._TEMP2.
NOTE: The data set WORK._TEMP2 has 46 observations and 2 variables.
NOTE: DATA statement used (Total process time):
      real time           0.01 seconds
      cpu time            0.01 seconds
 
 
11752  proc contents data=EMWS1.Score_train out=_meta(keep=NAME) noprint;
11753  run;
 
NOTE: The data set WORK._META has 67 observations and 1 variables.
NOTE: PROCEDURE CONTENTS used (Total process time):
      real time           0.08 seconds
      cpu time            0.07 seconds
 
 
11754  proc sort data=_meta;
11755  by NAME;
11756  run;
 
NOTE: There were 67 observations read from the data set WORK._META.
NOTE: The data set WORK._META has 67 observations and 1 variables.
NOTE: PROCEDURE SORT used (Total process time):
      real time           0.01 seconds
      cpu time            0.01 seconds
 
 
11757  data _temp2;
11758  merge _meta _temp2;
11759  by NAME;
11760  run;
 
WARNING: Multiple lengths were specified for the BY variable NAME by input data sets. This might cause unexpected results.
NOTE: There were 67 observations read from the data set WORK._META.
NOTE: There were 46 observations read from the data set WORK._TEMP2.
NOTE: The data set WORK._TEMP2 has 67 observations and 2 variables.
NOTE: DATA statement used (Total process time):
      real time           0.02 seconds
      cpu time            0.00 seconds
 
 
11761  proc sql;
11762  create table _tempx as select p.node, p.lhs, p.id , p2.name, p2.CREATOR from work._temp p, work._temp2 p2 where upcase(p.NAME)=upcase(p2.NAME);
NOTE: Table WORK._TEMPX created, with 5 rows and 5 columns.
 
11763  quit;
NOTE: PROCEDURE SQL used (Total process time):
      real time           0.03 seconds
      cpu time            0.01 seconds
 
 
11764  proc append base=EMWS1.Score_FCMP data=_tempx;
11765  run;
 
NOTE: Appending WORK._TEMPX a EMWS1.SCORE_FCMP.
NOTE: BASE data set does not exist. DATA file is being copied to BASE file.
NOTE: There were 5 observations read from the data set WORK._TEMPX.
NOTE: The data set EMWS1.SCORE_FCMP has 5 observations and 5 variables.
NOTE: PROCEDURE APPEND used (Total process time):
      real time           0.01 seconds
      cpu time            0.00 seconds
 
 
11766  filename _pref "C:\Users\Maria Vallarelli\Desktop\MASTER SLIDE\STATISTICA\LABORATORIO\AUTOSCOUT\autoscout\Workspaces\EMWS1\MdlComp\EMFLOWSCORE.sas";
11767  options validvarname=ANY;
11768  proc FCMP NOEXECUTE IMPUTEDDEPS OUTDEPS=_temp;
11769  %INCLUDE _pref;
11813  run;
 
NOTE: Dependency structure written to data set _TEMP.
NOTE: PROCEDURE FCMP used (Total process time):
      real time           0.02 seconds
      cpu time            0.01 seconds
 
 
11814  options validvarname=V7;
11815  quit;
11816  filename _pref;
NOTE: Fileref _PREF has been deassigned.
11817  data _temp(rename=(RHS=NAME));
11818  length Node $32;
11819  retain ID 2 Node "MdlComp";
11820  set _temp;
11821  run;
 
NOTE: There were 3 observations read from the data set WORK._TEMP.
NOTE: The data set WORK._TEMP has 3 observations and 14 variables.
NOTE: DATA statement used (Total process time):
      real time           0.01 seconds
      cpu time            0.01 seconds
 
 
11822  proc sort data=_temp;
11823  by NAME;
11824  run;
 
NOTE: There were 3 observations read from the data set WORK._TEMP.
NOTE: The data set WORK._TEMP has 3 observations and 14 variables.
NOTE: PROCEDURE SORT used (Total process time):
      real time           0.00 seconds
      cpu time            0.01 seconds
 
 
11825  proc sort data=EMWS1.Tree_CMeta_TRAIN out=_temp2(keep=NAME CREATOR);
11826  by NAME;
11827  run;
 
NOTE: There were 45 observations read from the data set EMWS1.TREE_CMETA_TRAIN.
NOTE: The data set WORK._TEMP2 has 45 observations and 2 variables.
NOTE: PROCEDURE SORT used (Total process time):
      real time           0.01 seconds
      cpu time            0.00 seconds
 
 
11828  data _temp2;
11829  length CREATOR $32;
11830  set _temp2;
11831  run;
 
NOTE: There were 45 observations read from the data set WORK._TEMP2.
NOTE: The data set WORK._TEMP2 has 45 observations and 2 variables.
NOTE: DATA statement used (Total process time):
      real time           0.00 seconds
      cpu time            0.01 seconds
 
 
11832  proc contents data=EMWS1.MdlComp_train out=_meta(keep=NAME) noprint;
11833  run;
 
NOTE: The data set WORK._META has 62 observations and 1 variables.
NOTE: PROCEDURE CONTENTS used (Total process time):
      real time           0.06 seconds
      cpu time            0.06 seconds
 
 
11834  proc sort data=_meta;
11835  by NAME;
11836  run;
 
NOTE: There were 62 observations read from the data set WORK._META.
NOTE: The data set WORK._META has 62 observations and 1 variables.
NOTE: PROCEDURE SORT used (Total process time):
      real time           0.01 seconds
      cpu time            0.00 seconds
 
 
11837  data _temp2;
11838  merge _meta _temp2;
11839  by NAME;
11840  run;
 
WARNING: Multiple lengths were specified for the BY variable NAME by input data sets. This might cause unexpected results.
NOTE: There were 62 observations read from the data set WORK._META.
NOTE: There were 45 observations read from the data set WORK._TEMP2.
NOTE: The data set WORK._TEMP2 has 62 observations and 2 variables.
NOTE: DATA statement used (Total process time):
      real time           0.01 seconds
      cpu time            0.00 seconds
 
 
11841  proc sql;
11842  create table _tempx as select p.node, p.lhs, p.id , p2.name, p2.CREATOR from work._temp p, work._temp2 p2 where upcase(p.NAME)=upcase(p2.NAME);
NOTE: Table WORK._TEMPX created, with 2 rows and 5 columns.
 
11843  quit;
NOTE: PROCEDURE SQL used (Total process time):
      real time           0.00 seconds
      cpu time            0.01 seconds
 
 
11844  proc append base=EMWS1.Score_FCMP data=_tempx;
11845  run;
 
NOTE: Appending WORK._TEMPX a EMWS1.SCORE_FCMP.
NOTE: There were 2 observations read from the data set WORK._TEMPX.
NOTE: 2 observations added.
NOTE: The data set EMWS1.SCORE_FCMP has 7 observations and 5 variables.
NOTE: PROCEDURE APPEND used (Total process time):
      real time           0.02 seconds
      cpu time            0.00 seconds
 
 
11846  filename _pref "C:\Users\Maria Vallarelli\Desktop\MASTER SLIDE\STATISTICA\LABORATORIO\AUTOSCOUT\autoscout\Workspaces\EMWS1\Tree\EMPUBLISHSCORE.sas";
11847  options validvarname=ANY;
11848  proc FCMP NOEXECUTE IMPUTEDDEPS OUTDEPS=_temp;
11849  %INCLUDE _pref;
12738  run;
 
NOTE: Dependency structure written to data set _TEMP.
NOTE: PROCEDURE FCMP used (Total process time):
      real time           0.17 seconds
      cpu time            0.11 seconds
 
 
12739  options validvarname=V7;
12740  quit;
12741  filename _pref;
NOTE: Fileref _PREF has been deassigned.
12742  data _temp(rename=(RHS=NAME));
12743  length Node $32;
12744  retain ID 3 Node "Tree";
12745  set _temp;
12746  run;
 
NOTE: There were 155 observations read from the data set WORK._TEMP.
NOTE: The data set WORK._TEMP has 155 observations and 14 variables.
NOTE: DATA statement used (Total process time):
      real time           0.01 seconds
      cpu time            0.03 seconds
 
 
12747  proc sort data=_temp;
12748  by NAME;
12749  run;
 
NOTE: There were 155 observations read from the data set WORK._TEMP.
NOTE: The data set WORK._TEMP has 155 observations and 14 variables.
NOTE: PROCEDURE SORT used (Total process time):
      real time           0.02 seconds
      cpu time            0.00 seconds
 
 
12750  proc sort data=EMWS1.Repl_CMeta_TRAIN out=_temp2(keep=NAME CREATOR);
12751  by NAME;
12752  run;
 
NOTE: There were 32 observations read from the data set EMWS1.REPL_CMETA_TRAIN.
NOTE: The data set WORK._TEMP2 has 32 observations and 2 variables.
NOTE: PROCEDURE SORT used (Total process time):
      real time           0.02 seconds
      cpu time            0.03 seconds
 
 
12753  data _temp2;
12754  length CREATOR $32;
12755  set _temp2;
12756  run;
 
NOTE: There were 32 observations read from the data set WORK._TEMP2.
NOTE: The data set WORK._TEMP2 has 32 observations and 2 variables.
NOTE: DATA statement used (Total process time):
      real time           0.04 seconds
      cpu time            0.01 seconds
 
 
12757  proc contents data=EMWS1.Tree_train out=_meta(keep=NAME) noprint;
12758  run;
 
NOTE: The data set WORK._META has 61 observations and 1 variables.
NOTE: PROCEDURE CONTENTS used (Total process time):
      real time           0.08 seconds
      cpu time            0.07 seconds
 
 
12759  proc sort data=_meta;
12760  by NAME;
12761  run;
 
NOTE: There were 61 observations read from the data set WORK._META.
NOTE: The data set WORK._META has 61 observations and 1 variables.
NOTE: PROCEDURE SORT used (Total process time):
      real time           0.01 seconds
      cpu time            0.01 seconds
 
 
12762  data _temp2;
12763  merge _meta _temp2;
12764  by NAME;
12765  run;
 
WARNING: Multiple lengths were specified for the BY variable NAME by input data sets. This might cause unexpected results.
NOTE: There were 61 observations read from the data set WORK._META.
NOTE: There were 32 observations read from the data set WORK._TEMP2.
NOTE: The data set WORK._TEMP2 has 61 observations and 2 variables.
NOTE: DATA statement used (Total process time):
      real time           0.02 seconds
      cpu time            0.03 seconds
 
 
12766  proc sql;
12767  create table _tempx as select p.node, p.lhs, p.id , p2.name, p2.CREATOR from work._temp p, work._temp2 p2 where upcase(p.NAME)=upcase(p2.NAME);
NOTE: Table WORK._TEMPX created, with 111 rows and 5 columns.
 
12768  quit;
NOTE: PROCEDURE SQL used (Total process time):
      real time           0.02 seconds
      cpu time            0.01 seconds
 
 
12769  proc append base=EMWS1.Score_FCMP data=_tempx;
12770  run;
 
NOTE: Appending WORK._TEMPX a EMWS1.SCORE_FCMP.
NOTE: There were 111 observations read from the data set WORK._TEMPX.
NOTE: 111 observations added.
NOTE: The data set EMWS1.SCORE_FCMP has 118 observations and 5 variables.
NOTE: PROCEDURE APPEND used (Total process time):
      real time           0.01 seconds
      cpu time            0.00 seconds
 
 
12771  filename _pref "C:\Users\Maria Vallarelli\Desktop\MASTER SLIDE\STATISTICA\LABORATORIO\AUTOSCOUT\autoscout\Workspaces\EMWS1\Repl\EMPUBLISHSCORE.sas";
12772  options validvarname=ANY;
12773  proc FCMP NOEXECUTE IMPUTEDDEPS OUTDEPS=_temp;
12774  %INCLUDE _pref;
12861  run;
 
NOTE: Dependency structure written to data set _TEMP.
NOTE: PROCEDURE FCMP used (Total process time):
      real time           0.04 seconds
      cpu time            0.03 seconds
 
 
12862  options validvarname=V7;
12863  quit;
12864  filename _pref;
NOTE: Fileref _PREF has been deassigned.
12865  data _temp(rename=(RHS=NAME));
12866  length Node $32;
12867  retain ID 4 Node "Repl";
12868  set _temp;
12869  run;
 
NOTE: There were 9 observations read from the data set WORK._TEMP.
NOTE: The data set WORK._TEMP has 9 observations and 14 variables.
NOTE: DATA statement used (Total process time):
      real time           0.02 seconds
      cpu time            0.00 seconds
 
 
12870  proc sort data=_temp;
12871  by NAME;
12872  run;
 
NOTE: There were 9 observations read from the data set WORK._TEMP.
NOTE: The data set WORK._TEMP has 9 observations and 14 variables.
NOTE: PROCEDURE SORT used (Total process time):
      real time           0.01 seconds
      cpu time            0.00 seconds
 
 
12873  proc sort data=EMWS1.Part_CMeta_TRAIN out=_temp2(keep=NAME CREATOR);
12874  by NAME;
12875  run;
 
NOTE: There were 25 observations read from the data set EMWS1.PART_CMETA_TRAIN.
NOTE: The data set WORK._TEMP2 has 25 observations and 2 variables.
NOTE: PROCEDURE SORT used (Total process time):
      real time           0.02 seconds
      cpu time            0.01 seconds
 
 
12876  data _temp2;
12877  length CREATOR $32;
12878  set _temp2;
12879  run;
 
NOTE: There were 25 observations read from the data set WORK._TEMP2.
NOTE: The data set WORK._TEMP2 has 25 observations and 2 variables.
NOTE: DATA statement used (Total process time):
      real time           0.01 seconds
      cpu time            0.03 seconds
 
 
12880  proc contents data=EMWS1.Repl_train out=_meta(keep=NAME) noprint;
12881  run;
 
NOTE: The data set WORK._META has 48 observations and 1 variables.
NOTE: PROCEDURE CONTENTS used (Total process time):
      real time           0.07 seconds
      cpu time            0.07 seconds
 
 
12882  proc sort data=_meta;
12883  by NAME;
12884  run;
 
NOTE: There were 48 observations read from the data set WORK._META.
NOTE: The data set WORK._META has 48 observations and 1 variables.
NOTE: PROCEDURE SORT used (Total process time):
      real time           0.01 seconds
      cpu time            0.00 seconds
 
 
12885  data _temp2;
12886  merge _meta _temp2;
12887  by NAME;
12888  run;
 
WARNING: Multiple lengths were specified for the BY variable NAME by input data sets. This might cause unexpected results.
NOTE: There were 48 observations read from the data set WORK._META.
NOTE: There were 25 observations read from the data set WORK._TEMP2.
NOTE: The data set WORK._TEMP2 has 48 observations and 2 variables.
NOTE: DATA statement used (Total process time):
      real time           0.04 seconds
      cpu time            0.01 seconds
 
 
12889  proc sql;
12890  create table _tempx as select p.node, p.lhs, p.id , p2.name, p2.CREATOR from work._temp p, work._temp2 p2 where upcase(p.NAME)=upcase(p2.NAME);
NOTE: Table WORK._TEMPX created, with 8 rows and 5 columns.
 
12891  quit;
NOTE: PROCEDURE SQL used (Total process time):
      real time           0.01 seconds
      cpu time            0.01 seconds
 
 
12892  proc append base=EMWS1.Score_FCMP data=_tempx;
12893  run;
 
NOTE: Appending WORK._TEMPX a EMWS1.SCORE_FCMP.
NOTE: There were 8 observations read from the data set WORK._TEMPX.
NOTE: 8 observations added.
NOTE: The data set EMWS1.SCORE_FCMP has 126 observations and 5 variables.
NOTE: PROCEDURE APPEND used (Total process time):
      real time           0.00 seconds
      cpu time            0.00 seconds
 
 
12894  %macro varDept(fcmpdata=,id=);
12895  %global nobs&id scoreFlag&id;
12896  %let scoreFlag&id = 0;
12897  %if &id=1 or ^&fcmpStart %then %do;
12898  proc sort data=&fcmpdata out=_temp&id nodupkey;
12899  by NAME;
12900  %if EM_SEGMENT EM_CLASSIFICATION EM_PROBABILITY EM_EVENTPROBABILITY ne %then %do;
12901  where id=&id and (LHS in( %let j=1;
12902  %do %while(%scan(EM_SEGMENT EM_CLASSIFICATION EM_PROBABILITY EM_EVENTPROBABILITY, &j) ne );
12903  %let var = %scan(EM_SEGMENT EM_CLASSIFICATION EM_PROBABILITY EM_EVENTPROBABILITY, &j);
12904  "&var" %let j = %eval(&j+1);
12905  %end;
12906  ) or substr(LHS, 1, 3)='EM_');
12907  %end;
12908  %else %do;
12909  where id=&id and substr(LHS, 1, 3)='EM_';
12910  %end;
12911  run;
12912  %let dsid = %sysfunc(open(_temp&id));
12913  %let nobs&id = %sysfunc(attrn(&dsid, NLOBSF));
12914  %let dsid = %sysfunc(close(&dsid));
12915  %if &&nobs&id %then %do;
12916  %let scoreFlag&id = 1;
12917  %let fcmpStart = 1;
12918  %end;
12919  %else %let fcmpStart = 0;
12920  %end;
12921  %else %do;
12922  proc sort data=&fcmpdata out=_tempid;
12923  where id=&id;
12924  by LHS;
12925  run;
12926  %let dsid = %sysfunc(open(_tempid));
12927  %let nobs&id = %sysfunc(attrn(&dsid, NLOBSF));
12928  %let dsid = %sysfunc(close(&dsid));
12929  %if ^&&nobs&id %then %do;
12930  proc datasets lib=work nolist;
12931  delete _tempid;
12932  run;
12933  quit;
12934  %end;
12935  %else %do;
12936  data _tempAll;
12937  set %let j=%eval(&id-1);
12938  %do x=1 %to &j;
12939  %if &&nobs&x %then %do;
12940  _temp&x %end;
12941  %end;
12942  ;
12943  run;
12944  proc sql;
12945  create table _temp&id as select p2.lhs, p2.name, p2.Node from work._tempAll p, work._tempid p2 where p.name=p2.lhs or substr(p2.LHS, 1, 3)='EM_';
12946  quit;
12947  data _temp&id;
12948  set _temp&id;
12949  where LHS ne '' and NAME ne '' and Node ne '';
12950  run;
12951  proc datasets lib=work nolist;
12952  delete _tempAll;
12953  run;
12954  %let dsid = %sysfunc(open(_temp&id));
12955  %let nobs&id = %sysfunc(attrn(&dsid, NLOBSF));
12956  %let dsid = %sysfunc(close(&dsid));
12957  %if ^&&nobs&id %then %do;
12958  proc datasets lib=work nolist;
12959  delete _temp&id;
12960  run;
12961  quit;
12962  %end;
12963  %else %do;
12964  %let scoreFlag&id = 1;
12965  data _temp&id;
12966  set _temp&id;
12967  where LHS ne NAME and node ne '';
12968  run;
12969  %let dsid = %sysfunc(open(_temp&id));
12970  %let nobs&id = %sysfunc(attrn(&dsid, NLOBSF));
12971  %let dsid = %sysfunc(close(&dsid));
12972  %if ^&&nobs&id %then %do;
12973  proc datasets lib=work nolist;
12974  delete _temp&id;
12975  run;
12976  quit;
12977  %end;
12978  %else %do;
12979  proc sort data=_temp&id nodupkey;
12980  by LHS NAME;
12981  run;
12982  %end;
12983  %end;
12984  %end;
12985  %end;
12986  %mend varDept;
12987  %macro optCode(outdata=);
12988  %global fcmpStart;
12989  %let fcmpStart = 0;
12990  %let outputVars = EM_SEGMENT EM_CLASSIFICATION EM_PROBABILITY EM_EVENTPROBABILITY;
12991  %let NumNodes=7;
12992  %do k=1 %to &NumNodes;
12993  %vardept(fcmpdata=&outdata, id=&k);
12994  %end;
12995  %mend optCode;
12996  %optcode(outData=EMWS1.Score_FCMP);
 
NOTE: There were 5 observations read from the data set EMWS1.SCORE_FCMP.
      WHERE (id=1) and (LHS in ('EM_CLASSIFICATION', 'EM_EVENTPROBABILITY', 'EM_PROBABILITY', 'EM_SEGMENT') or (SUBSTR(LHS, 1, 3)='EM_'));
NOTE: 1 observations with duplicate key values were deleted.
NOTE: The data set WORK._TEMP1 has 4 observations and 5 variables.
NOTE: PROCEDURE SORT used (Total process time):
      real time           0.02 seconds
      cpu time            0.01 seconds
 
 
 
NOTE: There were 2 observations read from the data set EMWS1.SCORE_FCMP.
      WHERE id=2;
NOTE: The data set WORK._TEMPID has 2 observations and 5 variables.
NOTE: PROCEDURE SORT used (Total process time):
      real time           0.01 seconds
      cpu time            0.00 seconds
 
 
 
NOTE: There were 4 observations read from the data set WORK._TEMP1.
NOTE: The data set WORK._TEMPALL has 4 observations and 5 variables.
NOTE: DATA statement used (Total process time):
      real time           0.04 seconds
      cpu time            0.03 seconds
 
 
NOTE: The execution of this query involves performing one or more Cartesian product joins that can not be optimized.
NOTE: Table WORK._TEMP2 created, with 0 rows and 3 columns.
 
NOTE: PROCEDURE SQL used (Total process time):
      real time           0.03 seconds
      cpu time            0.00 seconds
 
 
 
NOTE: There were 0 observations read from the data set WORK._TEMP2.
      WHERE (LHS not = ' ') and (NAME not = ' ') and (Node not = ' ');
NOTE: The data set WORK._TEMP2 has 0 observations and 3 variables.
NOTE: DATA statement used (Total process time):
      real time           0.02 seconds
      cpu time            0.03 seconds
 
 
 
NOTE: Deleting WORK._TEMPALL (memtype=DATA).
 
NOTE: PROCEDURE DATASETS used (Total process time):
      real time           0.03 seconds
      cpu time            0.03 seconds
 
 
 
NOTE: Deleting WORK._TEMP2 (memtype=DATA).
 
NOTE: PROCEDURE DATASETS used (Total process time):
      real time           0.01 seconds
      cpu time            0.01 seconds
 
 
 
NOTE: There were 111 observations read from the data set EMWS1.SCORE_FCMP.
      WHERE id=3;
NOTE: The data set WORK._TEMPID has 111 observations and 5 variables.
NOTE: PROCEDURE SORT used (Total process time):
      real time           0.01 seconds
      cpu time            0.00 seconds
 
 
 
NOTE: There were 4 observations read from the data set WORK._TEMP1.
NOTE: The data set WORK._TEMPALL has 4 observations and 5 variables.
NOTE: DATA statement used (Total process time):
      real time           0.03 seconds
      cpu time            0.01 seconds
 
 
NOTE: The execution of this query involves performing one or more Cartesian product joins that can not be optimized.
NOTE: Table WORK._TEMP3 created, with 36 rows and 3 columns.
 
NOTE: PROCEDURE SQL used (Total process time):
      real time           0.01 seconds
      cpu time            0.01 seconds
 
 
 
NOTE: There were 36 observations read from the data set WORK._TEMP3.
      WHERE (LHS not = ' ') and (NAME not = ' ') and (Node not = ' ');
NOTE: The data set WORK._TEMP3 has 36 observations and 3 variables.
NOTE: DATA statement used (Total process time):
      real time           0.02 seconds
      cpu time            0.01 seconds
 
 
 
NOTE: Deleting WORK._TEMPALL (memtype=DATA).
 
NOTE: PROCEDURE DATASETS used (Total process time):
      real time           0.01 seconds
      cpu time            0.01 seconds
 
 
 
NOTE: There were 36 observations read from the data set WORK._TEMP3.
      WHERE (LHS not = NAME) and (node not = ' ');
NOTE: The data set WORK._TEMP3 has 36 observations and 3 variables.
NOTE: DATA statement used (Total process time):
      real time           0.00 seconds
      cpu time            0.01 seconds
 
 
 
NOTE: There were 36 observations read from the data set WORK._TEMP3.
NOTE: 0 observations with duplicate key values were deleted.
NOTE: The data set WORK._TEMP3 has 36 observations and 3 variables.
NOTE: PROCEDURE SORT used (Total process time):
      real time           0.01 seconds
      cpu time            0.01 seconds
 
 
 
NOTE: There were 8 observations read from the data set EMWS1.SCORE_FCMP.
      WHERE id=4;
NOTE: The data set WORK._TEMPID has 8 observations and 5 variables.
NOTE: PROCEDURE SORT used (Total process time):
      real time           0.00 seconds
      cpu time            0.01 seconds
 
 
 
NOTE: There were 4 observations read from the data set WORK._TEMP1.
NOTE: There were 36 observations read from the data set WORK._TEMP3.
NOTE: The data set WORK._TEMPALL has 40 observations and 5 variables.
NOTE: DATA statement used (Total process time):
      real time           0.02 seconds
      cpu time            0.01 seconds
 
 
NOTE: The execution of this query involves performing one or more Cartesian product joins that can not be optimized.
NOTE: Table WORK._TEMP4 created, with 20 rows and 3 columns.
 
NOTE: PROCEDURE SQL used (Total process time):
      real time           0.01 seconds
      cpu time            0.01 seconds
 
 
 
NOTE: There were 20 observations read from the data set WORK._TEMP4.
      WHERE (LHS not = ' ') and (NAME not = ' ') and (Node not = ' ');
NOTE: The data set WORK._TEMP4 has 20 observations and 3 variables.
NOTE: DATA statement used (Total process time):
      real time           0.01 seconds
      cpu time            0.00 seconds
 
 
 
NOTE: Deleting WORK._TEMPALL (memtype=DATA).
 
NOTE: PROCEDURE DATASETS used (Total process time):
      real time           0.00 seconds
      cpu time            0.00 seconds
 
 
 
NOTE: There were 20 observations read from the data set WORK._TEMP4.
      WHERE (LHS not = NAME) and (node not = ' ');
NOTE: The data set WORK._TEMP4 has 20 observations and 3 variables.
NOTE: DATA statement used (Total process time):
      real time           0.01 seconds
      cpu time            0.01 seconds
 
 
 
NOTE: There were 20 observations read from the data set WORK._TEMP4.
NOTE: 15 observations with duplicate key values were deleted.
NOTE: The data set WORK._TEMP4 has 5 observations and 3 variables.
NOTE: PROCEDURE SORT used (Total process time):
      real time           0.00 seconds
      cpu time            0.01 seconds
 
 
 
NOTE: Input data set is empty.
NOTE: There were 0 observations read from the data set EMWS1.SCORE_FCMP.
      WHERE id=5;
NOTE: The data set WORK._TEMPID has 0 observations and 5 variables.
NOTE: PROCEDURE SORT used (Total process time):
      real time           0.00 seconds
      cpu time            0.01 seconds
 
 
 
NOTE: Deleting WORK._TEMPID (memtype=DATA).
 
NOTE: PROCEDURE DATASETS used (Total process time):
      real time           0.00 seconds
      cpu time            0.00 seconds
 
 
 
NOTE: Input data set is empty.
NOTE: There were 0 observations read from the data set EMWS1.SCORE_FCMP.
      WHERE id=6;
NOTE: The data set WORK._TEMPID has 0 observations and 5 variables.
NOTE: PROCEDURE SORT used (Total process time):
      real time           0.00 seconds
      cpu time            0.00 seconds
 
 
 
NOTE: Deleting WORK._TEMPID (memtype=DATA).
 
NOTE: PROCEDURE DATASETS used (Total process time):
      real time           0.00 seconds
      cpu time            0.01 seconds
 
 
 
NOTE: Input data set is empty.
NOTE: There were 0 observations read from the data set EMWS1.SCORE_FCMP.
      WHERE id=7;
NOTE: The data set WORK._TEMPID has 0 observations and 5 variables.
NOTE: PROCEDURE SORT used (Total process time):
      real time           0.00 seconds
      cpu time            0.01 seconds
 
 
 
NOTE: Deleting WORK._TEMPID (memtype=DATA).
 
NOTE: PROCEDURE DATASETS used (Total process time):
      real time           0.00 seconds
      cpu time            0.00 seconds
 
 
 
12997  data _all_;
12998  set EMWS1.Repl_EMSCOREVAR;
12999  where NAME='' and file ne '' and ^index(file, '_POSTALL_.sas');
13000  run;
 
NOTE: There were 1 observations read from the data set EMWS1.REPL_EMSCOREVAR.
      WHERE (NAME=' ') and (file not = ' ') and (not INDEX(file, '_POSTALL_.sas'));
NOTE: The data set WORK._ALL_ has 1 observations and 3 variables.
NOTE: DATA statement used (Total process time):
      real time           0.00 seconds
      cpu time            0.00 seconds
 
 
13001  data _postall_;
13002  set EMWS1.Repl_EMSCOREVAR;
13003  where NAME='' and file ne '' and index(file, '_POSTALL_.sas');
13004  run;
 
NOTE: There were 0 observations read from the data set EMWS1.REPL_EMSCOREVAR.
      WHERE (NAME=' ') and (file not = ' ') and INDEX(file, '_POSTALL_.sas');
NOTE: The data set WORK._POSTALL_ has 0 observations and 3 variables.
NOTE: DATA statement used (Total process time):
      real time           0.00 seconds
      cpu time            0.01 seconds
 
 
13005  proc sql;
13006  create table _CodeVar4 as select p.lhs, p2.formula, p2.file from _temp4 p, EMWS1.Repl_EMSCOREVAR p2 where substr(upcase(p.LHS), 1, 3) ='EM_' or (upcase(p.LHS)=upcase(p2.NAME)) order by p.lhs;
NOTE: The execution of this query involves performing one or more Cartesian product joins that can not be optimized.
NOTE: Table WORK._CODEVAR4 created, with 5 rows and 3 columns.
 
13007  quit;
NOTE: PROCEDURE SQL used (Total process time):
      real time           0.03 seconds
      cpu time            0.03 seconds
 
 
13008  data _CodeVar4;
13009  set _all_ _CodeVar4 _postall_;
13010  run;
 
NOTE: There were 1 observations read from the data set WORK._ALL_.
NOTE: There were 5 observations read from the data set WORK._CODEVAR4.
NOTE: There were 0 observations read from the data set WORK._POSTALL_.
NOTE: The data set WORK._CODEVAR4 has 6 observations and 4 variables.
NOTE: DATA statement used (Total process time):
      real time           0.01 seconds
      cpu time            0.01 seconds
 
 
14033  %let validvarany = 0;
14034  data _temp2;
14035  set EMWS1.Score_EMINPUTVARS;
14036  length UNAME $32;
14037  UNAME = upcase(NAME);
14038  run;
 
NOTE: There were 40 observations read from the data set EMWS1.SCORE_EMINPUTVARS.
NOTE: The data set WORK._TEMP2 has 40 observations and 8 variables.
NOTE: DATA statement used (Total process time):
      real time           0.00 seconds
      cpu time            0.00 seconds
 
 
14039  proc sort data=_temp2;
14040  by UNAME;
14041  run;
 
NOTE: There were 40 observations read from the data set WORK._TEMP2.
NOTE: The data set WORK._TEMP2 has 40 observations and 8 variables.
NOTE: PROCEDURE SORT used (Total process time):
      real time           0.01 seconds
      cpu time            0.01 seconds
 
 
14042  data _temp2;
14043  merge _temp2(in=_a) _temp(in=_b);
14044  by UNAME;
14045  drop UNAME;
14046  length SCOREVAR $1;
14047  label SCOREVAR = "%sysfunc(sasmsg(sashelp.dmine, rpt_scoreVar_vlabel,  NOQUOTE))";
14048  SCOREVAR='Y';
14049  if ROLE='TARGET' then SCOREVAR='N';
14050  else if UNAME=:"EM_" then SCOREVAR='N';
14051  if (_a and _b) or ROLE='TARGET' then do;
14052  if notname(trim(UNAME)) or kcount(UNAME) then do;
14053  call symput('validvarany', '1');
14054  end;
14055  output;
14056  end;
14057  run;
 
NOTE: There were 40 observations read from the data set WORK._TEMP2.
NOTE: There were 22 observations read from the data set WORK._TEMP.
NOTE: The data set WORK._TEMP2 has 10 observations and 7 variables.
NOTE: DATA statement used (Total process time):
      real time           0.02 seconds
      cpu time            0.01 seconds
 
 
14058  proc sort data=_temp2 out=EMWS1.Score_EMINPUTVARS;
14059  by NAME;
14060  run;
 
NOTE: There were 10 observations read from the data set WORK._TEMP2.
NOTE: The data set EMWS1.SCORE_EMINPUTVARS has 10 observations and 7 variables.
NOTE: PROCEDURE SORT used (Total process time):
      real time           0.01 seconds
      cpu time            0.01 seconds
 
 
15159  data EMWS1.Score_EMOUTPUTVARS;
15160  set EMWS1.Score_EMOUTPUTVARS(keep=name type label rename=(type=itype));
15161  length FUNCTION $32 name_prefix $8;
15162  if itype = 1 then type = 'N';
15163  else type = 'C';
15164  drop name_prefix itype;
15165  if index(name, '_WARN_')=1 then FUNCTION = 'ASSESS';
15166  else if upcase(name) in('EM_PREDICTION', 'EM_EVENTPROBABILITY', 'EM_PROBABILITY') then FUNCTION = 'PREDICT';
15167  else if upcase(name) = 'EM_CLASSIFICATION' then FUNCTION = 'CLASSIFICATION';
15168  else if upcase(name) = 'EM_DECISION' then FUNCTION = 'DECISION';
15169  else if upcase(name) in('EM_PROFIT', 'EM_LOSS', 'EM_VALUETARGET', 'EM_CLASSTARGET') then FUNCTION = 'ASSESS' /* removed EM_ROI */
15170  ;
15171  else do;
15172  name_prefix = scan(NAME, 1, '_');
15173  if name_prefix in('F', 'I', 'U') then FUNCTION = 'CLASSIFICATION';
15174  else if name_prefix in('P', 'V') then FUNCTION = 'PREDICT';
15175  else if name_prefix in('R', 'RS', 'RT', 'RD', 'RDS', 'RDT', 'RA', 'RAS', 'RAT') then FUNCTION = 'RESIDUAL';
15176  else if name_prefix ='D' then FUNCTION = 'DECISION';
15177  else if name_prefix in('EP', 'BP', 'CP', 'EL', 'CL', 'BL', 'W', 'ROI', 'IC') then FUNCTION = 'ASSESS';
15178  else FUNCTION = 'TRANSFORM';
15179  end;
15180  run;
 
NOTE: There were 19 observations read from the data set EMWS1.SCORE_EMOUTPUTVARS.
NOTE: The data set EMWS1.SCORE_EMOUTPUTVARS has 19 observations and 4 variables.
NOTE: DATA statement used (Total process time):
      real time           0.01 seconds
      cpu time            0.01 seconds
 
 
15181  proc sort data=EMWS1.MdlComp_CMeta_TRAIN out=WORK.META(KEEP=NAME CREATOR);
15182  by NAME;
15183  run;
 
NOTE: There were 46 observations read from the data set EMWS1.MDLCOMP_CMETA_TRAIN.
NOTE: The data set WORK.META has 46 observations and 2 variables.
NOTE: PROCEDURE SORT used (Total process time):
      real time           0.01 seconds
      cpu time            0.01 seconds
 
 
15184  proc sort data=EMWS1.Score_EMOUTPUTVARS;
15185  by NAME;
15186  run;
 
NOTE: There were 19 observations read from the data set EMWS1.SCORE_EMOUTPUTVARS.
NOTE: The data set EMWS1.SCORE_EMOUTPUTVARS has 19 observations and 4 variables.
NOTE: PROCEDURE SORT used (Total process time):
      real time           0.00 seconds
      cpu time            0.01 seconds
 
 
15187  data EMWS1.Score_EMOUTPUTVARS;
15188  merge WORK.META EMWS1.Score_EMOUTPUTVARS(in=_a);
15189  label CREATOR = "%sysfunc(sasmsg(sashelp.dmine,  meta_creator_vlabel ,  NOQUOTE))" FUNCTION = "%sysfunc(sasmsg(sashelp.dmine,  meta_function_vlabel ,  NOQUOTE))" TYPE = "%sysfunc(sasmsg(sashelp.dmine,  meta_type_vlabel ,  NOQUOTE))";
15190  by NAME;
15191  if NAME =: 'EM_' and CREATOR = '' then CREATOR = "Score";
15192  if _a then output;
15193  run;
 
NOTE: There were 46 observations read from the data set WORK.META.
NOTE: There were 19 observations read from the data set EMWS1.SCORE_EMOUTPUTVARS.
NOTE: The data set EMWS1.SCORE_EMOUTPUTVARS has 19 observations and 5 variables.
NOTE: DATA statement used (Total process time):
      real time           0.03 seconds
      cpu time            0.03 seconds
 
 
15194  %let _cn = %sysfunc(getoption(CENTER));
15195  %let _nb = %sysfunc(getoption(NUMBER));
15196  options nonumber nocenter;
15197  title;
15198  proc print data=EMWS1.Score_EMINPUTVARS noobs label;
15199  label NAME = "%sysfunc(sasmsg(sashelp.dmine,  meta_name_vlabel ,  NOQUOTE))" CREATOR = "%sysfunc(sasmsg(sashelp.dmine,  meta_creator_vlabel ,  NOQUOTE))" LABEL = "%sysfunc(sasmsg(sashelp.dmine,  meta_label_vlabel ,  NOQUOTE))";
15200  title9 ' ';
15201  title10 "%sysfunc(sasmsg(sashelp.dmine, rpt_scoreInputVariables_title, NOQUOTE))";
15202  run;
 
NOTE: There were 10 observations read from the data set EMWS1.SCORE_EMINPUTVARS.
NOTE: The PROCEDURE PRINT printed page 2.
NOTE: PROCEDURE PRINT used (Total process time):
      real time           0.01 seconds
      cpu time            0.03 seconds
 
 
15203  title10;
15204  options &_cn &_nb;
 
15205  data _all_;
15206  set EMWS1.Repl_EMSCOREVAR;
15207  where NAME='' and file ne '' and ^index(file, '_POSTALL_.sas');
15208  run;
 
NOTE: There were 1 observations read from the data set EMWS1.REPL_EMSCOREVAR.
      WHERE (NAME=' ') and (file not = ' ') and (not INDEX(file, '_POSTALL_.sas'));
NOTE: The data set WORK._ALL_ has 1 observations and 3 variables.
NOTE: DATA statement used (Total process time):
      real time           0.01 seconds
      cpu time            0.01 seconds
 
 
15209  data _postall_;
15210  set EMWS1.Repl_EMSCOREVAR;
15211  where NAME='' and file ne '' and index(file, '_POSTALL_.sas');
15212  run;
 
NOTE: There were 0 observations read from the data set EMWS1.REPL_EMSCOREVAR.
      WHERE (NAME=' ') and (file not = ' ') and INDEX(file, '_POSTALL_.sas');
NOTE: The data set WORK._POSTALL_ has 0 observations and 3 variables.
NOTE: DATA statement used (Total process time):
      real time           0.01 seconds
      cpu time            0.00 seconds
 
 
15213  proc sql;
15214  create table _CodeVar4 as select p.lhs, p2.formula, p2.file from _temp4 p, EMWS1.Repl_EMSCOREVAR p2 where substr(upcase(p.LHS), 1, 3) ='EM_' or (upcase(p.LHS)=upcase(p2.NAME)) order by p.lhs;
NOTE: The execution of this query involves performing one or more Cartesian product joins that can not be optimized.
NOTE: Table WORK._CODEVAR4 created, with 5 rows and 3 columns.
 
15215  quit;
NOTE: PROCEDURE SQL used (Total process time):
      real time           0.03 seconds
      cpu time            0.03 seconds
 
 
15216  data _CodeVar4;
15217  set _all_ _CodeVar4 _postall_;
15218  run;
 
NOTE: There were 1 observations read from the data set WORK._ALL_.
NOTE: There were 5 observations read from the data set WORK._CODEVAR4.
NOTE: There were 0 observations read from the data set WORK._POSTALL_.
NOTE: The data set WORK._CODEVAR4 has 6 observations and 4 variables.
NOTE: DATA statement used (Total process time):
      real time           0.01 seconds
      cpu time            0.01 seconds
 
 
15219  data _all_;
15220  set EMWS1.Repl_EMSCOREVAR;
15221  where NAME='' and file ne '' and ^index(file, '_POSTALL_.sas');
15222  run;
 
NOTE: There were 1 observations read from the data set EMWS1.REPL_EMSCOREVAR.
      WHERE (NAME=' ') and (file not = ' ') and (not INDEX(file, '_POSTALL_.sas'));
NOTE: The data set WORK._ALL_ has 1 observations and 3 variables.
NOTE: DATA statement used (Total process time):
      real time           0.02 seconds
      cpu time            0.01 seconds
 
 
15223  data _postall_;
15224  set EMWS1.Repl_EMSCOREVAR;
15225  where NAME='' and file ne '' and index(file, '_POSTALL_.sas');
15226  run;
 
NOTE: There were 0 observations read from the data set EMWS1.REPL_EMSCOREVAR.
      WHERE (NAME=' ') and (file not = ' ') and INDEX(file, '_POSTALL_.sas');
NOTE: The data set WORK._POSTALL_ has 0 observations and 3 variables.
NOTE: DATA statement used (Total process time):
      real time           0.01 seconds
      cpu time            0.00 seconds
 
 
15227  proc sql;
15228  create table _CodeVar4 as select p.lhs, p2.formula, p2.file from _temp4 p, EMWS1.Repl_EMSCOREVAR p2 where substr(upcase(p.LHS), 1, 3) ='EM_' or (upcase(p.LHS)=upcase(p2.NAME)) order by p.lhs;
NOTE: The execution of this query involves performing one or more Cartesian product joins that can not be optimized.
NOTE: Table WORK._CODEVAR4 created, with 5 rows and 3 columns.
 
15229  quit;
NOTE: PROCEDURE SQL used (Total process time):
      real time           0.03 seconds
      cpu time            0.01 seconds
 
 
15230  data _CodeVar4;
15231  set _all_ _CodeVar4 _postall_;
15232  run;
 
NOTE: There were 1 observations read from the data set WORK._ALL_.
NOTE: There were 5 observations read from the data set WORK._CODEVAR4.
NOTE: There were 0 observations read from the data set WORK._POSTALL_.
NOTE: The data set WORK._CODEVAR4 has 6 observations and 4 variables.
NOTE: DATA statement used (Total process time):
      real time           0.02 seconds
      cpu time            0.01 seconds
 
 
15233  %let _cn = %sysfunc(getoption(CENTER));
15234  %let _nb = %sysfunc(getoption(NUMBER));
15235  options nonumber nocenter;
15236  title;
15237  proc print data=EMWS1.Score_EMOUTPUTVARS noobs label;
15238  var NAME FUNCTION CREATOR LABEL;
15239  label NAME = "%sysfunc(sasmsg(sashelp.dmine,  meta_name_vlabel ,    NOQUOTE))" FUNCTION = "%sysfunc(sasmsg(sashelp.dmine,  meta_function_vlabel ,    NOQUOTE))" CREATOR = "%sysfunc(sasmsg(sashelp.dmine,  meta_creator_vlabel , NOQUOTE))" LABEL =
15240     "%sysfunc(sasmsg(sashelp.dmine,  meta_label_vlabel ,   NOQUOTE))";
15241  title9 ' ';
15242  title10 "%sysfunc(sasmsg(sashelp.dmine, rpt_scoreOutputVariables_title, NOQUOTE))";
15243  run;
 
NOTE: There were 19 observations read from the data set EMWS1.SCORE_EMOUTPUTVARS.
NOTE: The PROCEDURE PRINT printed page 3.
NOTE: PROCEDURE PRINT used (Total process time):
      real time           0.01 seconds
      cpu time            0.01 seconds
 
 
15244  title10;
15245  options &_cn &_nb;
 
15246  *------------------------------------------------------------*;
15247  * Score: Computing metadata for TRAIN data;
15248  *------------------------------------------------------------*;
 
NOTE: Visualizza EMWS1.SCORE_TRAIN.VIEW used (Total process time):
      real time           0.19 seconds
      cpu time            0.18 seconds
 
NOTE: Visualizza EMWS1.SCORE_TRAIN.VIEW used (Total process time):
      real time           0.18 seconds
      cpu time            0.18 seconds
 
NOTE: Visualizza EMWS1.SCORE_VALIDATE.VIEW used (Total process time):
      real time           0.18 seconds
      cpu time            0.17 seconds
 
*------------------------------------------------------------*
* Log dei report
Data:               25 ottobre 2020
Ora:                22:54:41
*------------------------------------------------------------*
15621  data WORK.SCOREFREQMETA;
15622  length NAME $32 ROLE $32 LEVEL $8;
15623  NAME="I_target10";
15624  ROLE="INPUT";
15625  LEVEL="NOMINAL";
15626  TYPE="C";
15627  output;
15628  NAME="_NODE_";
15629  ROLE="INPUT";
15630  LEVEL="NOMINAL";
15631  TYPE="N";
15632  output;
15633  run;
 
NOTE: The data set WORK.SCOREFREQMETA has 2 observations and 4 variables.
NOTE: DATA statement used (Total process time):
      real time           0.00 seconds
      cpu time            0.01 seconds
 
 
15634  data WORK.SCOREHISTMETA;
15635  length NAME $32 ROLE $32 LEVEL $8;
15636  NAME="P_target101";
15637  ROLE="INPUT";
15638  LEVEL="INTERVAL";
15639  TYPE="N";
15640  output;
15641  NAME="P_target100";
15642  ROLE="INPUT";
15643  LEVEL="INTERVAL";
15644  TYPE="N";
15645  output;
15646  run;
 
NOTE: The data set WORK.SCOREHISTMETA has 2 observations and 4 variables.
NOTE: DATA statement used (Total process time):
      real time           0.00 seconds
      cpu time            0.01 seconds
 
 
NOTE: Visualizza EMWS1.MDLCOMP_TRAIN.VIEW used (Total process time):
      real time           0.16 seconds
      cpu time            0.15 seconds
 
15647  ods listing close;
15648  ods output onewayfreqs=WORK.TEMPFREQ;
15649  proc freq data = EMWS1.MdlComp_TRAIN order=formatted addnames;
15650  table I_target10 / missing;
15651  table _NODE_ / missing;
15652  run;
 
NOTE: Variable _WARN_ is uninitialized.
NOTE: There were 4743 observations read from the data set EMWS1.PART_TRAIN.
NOTE: There were 4743 observations read from the data set EMWS1.REPL_TRAIN.
NOTE: Visualizza EMWS1.MDLCOMP_TRAIN.VIEW used (Total process time):
      real time           0.19 seconds
      cpu time            0.14 seconds
 
NOTE: There were 4743 observations read from the data set EMWS1.TREE_TRAIN.
NOTE: The data set WORK.TEMPFREQ has 56 observations and 10 variables.
NOTE: There were 4743 observations read from the data set EMWS1.MDLCOMP_TRAIN.
NOTE: PROCEDURE FREQ used (Total process time):
      real time           0.25 seconds
      cpu time            0.15 seconds
 
 
15653  quit;
15654  ods listing;
15655  data WORK.Score_BAR(keep=_VARIABLE_ TYPE COUNT PERCENT _X_ _XLABEL_);
15656  label _VARIABLE_ = "%sysfunc(sasmsg(sashelp.dmine, rpt_variable_vlabel, NOQUOTE))" Type = "%sysfunc(sasmsg(sashelp.dmine, rpt_type_vlabel,         NOQUOTE))" _X_ = "%sysfunc(sasmsg(sashelp.dmine, rpt_numValue_vlabel, NOQUOTE))" _XLABEL_ =
15657     "%sysfunc(sasmsg(sashelp.dmine, rpt_fmtValue_vlabel ,    NOQUOTE))" COUNT = "%sysfunc(sasmsg(sashelp.dmine, rpt_count_vlabel,        NOQUOTE))" PERCENT = "%sysfunc(sasmsg(sashelp.dmine, rpt_percent_vlabel,      NOQUOTE))";
15658  dsid = open("WORK.TEMPFREQ");
15659  varnum = varnum(dsid, 'VARIABLE');
15660  freqnum = varnum(dsid, 'FREQUENCY');
15661  pvarnum = varnum(dsid, 'PERCENT');
15662  typenum = varnum(dsid, '_TYPE_');
15663  length _VARIABLE_ $32 TYPE $1 _XLABEL_ $32;
15664  do while(^fetch(dsid));
15665  _VARIABLE_ = strip(getvarc(dsid, varnum));
15666  count = getvarn(dsid, freqnum);
15667  percent= getvarn(dsid, pvarnum);
15668  vvarnum = varnum(dsid, _VARIABLE_);
15669  type = vartype(dsid, vvarnum);
15670  fvarnum = varnum(dsid, 'F_'!!substr(_VARIABLE_, 1, 30));
15671  _XLABEL_ = left(getvarc(dsid, fvarnum));
15672  _X_ = .;
15673  if TYPE eq 'N' then _X_ = getvarn(dsid, vvarnum);
15674  output;
15675  end;
15676  dsid = close(dsid);
15677  run;
 
NOTE: The data set WORK.SCORE_BAR has 56 observations and 6 variables.
NOTE: DATA statement used (Total process time):
      real time           0.02 seconds
      cpu time            0.01 seconds
 
 
15678  proc sort data=WORK.Score_BAR NOTHREADS;
15679  by _VARIABLE_;
15680  run;
 
NOTE: There were 56 observations read from the data set WORK.SCORE_BAR.
NOTE: The data set WORK.SCORE_BAR has 56 observations and 6 variables.
NOTE: PROCEDURE SORT used (Total process time):
      real time           0.00 seconds
      cpu time            0.00 seconds
 
 
15681  proc sort data=WORK.M1B4DGTG;
15682  by Name;
15683  run;
 
NOTE: There were 2 observations read from the data set WORK.M1B4DGTG.
NOTE: The data set WORK.M1B4DGTG has 2 observations and 4 variables.
NOTE: PROCEDURE SORT used (Total process time):
      real time           0.00 seconds
      cpu time            0.00 seconds
 
 
15684  data WORK.Score_BAR;
15685  merge WORK.Score_BAR(in=_a) WORK.M1B4DGTG(keep=Name Role rename=(Name=_Variable_));
15686  by _Variable_;
15687  label Role = "%sysfunc(sasmsg(sashelp.dmine, meta_role_vlabel ,  NOQUOTE))";
15688  if _a then output;
15689  run;
 
NOTE: There were 56 observations read from the data set WORK.SCORE_BAR.
NOTE: There were 2 observations read from the data set WORK.M1B4DGTG.
NOTE: The data set WORK.SCORE_BAR has 56 observations and 7 variables.
NOTE: DATA statement used (Total process time):
      real time           0.01 seconds
      cpu time            0.01 seconds
 
 
15690  data WORK.Score_BAR;
15691  length DATAROLE $8 TYPE $14;
15692  retain DATAROLE "TRAIN";
15693  set WORK.Score_BAR;
15694  run;
 
NOTE: There were 56 observations read from the data set WORK.SCORE_BAR.
NOTE: The data set WORK.SCORE_BAR has 56 observations and 8 variables.
NOTE: DATA statement used (Total process time):
      real time           0.01 seconds
      cpu time            0.01 seconds
 
 
15695  proc append base=EMWS1.Score_BAR data=WORK.Score_BAR;
15696  run;
 
NOTE: Appending WORK.SCORE_BAR a EMWS1.SCORE_BAR.
NOTE: BASE data set does not exist. DATA file is being copied to BASE file.
NOTE: There were 56 observations read from the data set WORK.SCORE_BAR.
NOTE: The data set EMWS1.SCORE_BAR has 56 observations and 8 variables.
NOTE: PROCEDURE APPEND used (Total process time):
      real time           0.00 seconds
      cpu time            0.01 seconds
 
 
15697  %var_profile(DATA=EMWS1.MdlComp_TRAIN, OUTPUT=work.Score_VARHIST, METADATA=WORK.SCOREHISTMETA, COMPUTESTAT=N, BINDATA=_bindata, STAT=_STAT, PCTLSTAT=work.Score_SUMDATA, FREQ=, BIN=Y, NUMBARS= 16);
*------------------------------------------------------------*
* EM: calcolo delle statistiche di riepilogo
*------------------------------------------------------------*
 
NOTE: There were 2 observations read from the data set WORK.SCOREHISTMETA.
      WHERE (LEVEL='INTERVAL') and (ROLE not = 'FREQ');
NOTE: The data set WORK._NULL has 2 observations and 4 variables.
NOTE: DATA statement used (Total process time):
      real time           0.01 seconds
      cpu time            0.01 seconds
 
 
 
NOTE: The file _MAC is:
      Catalog Name=WORK.MACROS.VARIABLES.SOURCE,
      Dimensione della pagina del catalogo=4096,
      Numero pagine del catalogo=4,
      Data di creazione=domenica 25 ottobre 2020 22:54:42,
      Ultima modifica=domenica 25 ottobre 2020 22:54:42,
      Nome file=C:\Users\MARIAV~1\AppData\Local\Temp\SAS Temporary Files\_TD23832_DESKTOP-NN2L3RB_\macros.sas7bcat,
      Release di creazione=9.0401M5,
      Host di creazione=X64_10PRO,
      Nome proprietario=DESKTOP-NN2L3RB\Maria Vallarelli,
      Dimensione=             5KB,
      Dimensione (byte)=5120
 
NOTE: 3 records were written to the file _MAC.
      The minimum record length was 12.
      The maximum record length was 23.
NOTE: There were 2 observations read from the data set WORK.SCOREHISTMETA.
      WHERE (LEVEL='INTERVAL') or (ROLE='FREQ');
NOTE: DATA statement used (Total process time):
      real time           0.01 seconds
      cpu time            0.01 seconds
 
 
NOTE: Fileref _MAC has been deassigned.
*------------------------------------------------------------*
* computingmidpoints_note
*------------------------------------------------------------*
 
NOTE: Variable _WARN_ is uninitialized.
NOTE: Records processed = 4743   Memory used = 511K.
NOTE: There were 4743 observations read from the data set EMWS1.PART_TRAIN.
NOTE: There were 4743 observations read from the data set EMWS1.REPL_TRAIN.
NOTE: Visualizza EMWS1.MDLCOMP_TRAIN.VIEW used (Total process time):
      real time           0.14 seconds
      cpu time            0.14 seconds
 
NOTE: There were 4743 observations read from the data set EMWS1.TREE_TRAIN.
NOTE: There were 4743 observations read from the data set EMWS1.MDLCOMP_TRAIN.
NOTE: The data set WORK._CLASSOUT has 34 observations and 9 variables.
NOTE: PROCEDURE DMDB used (Total process time):
      real time           0.18 seconds
      cpu time            0.17 seconds
 
 
 
NOTE: There were 34 observations read from the data set WORK._CLASSOUT.
NOTE: The data set WORK._COUNT has 0 observations and 3 variables.
NOTE: PROCEDURE FREQ used (Total process time):
      real time           0.02 seconds
      cpu time            0.00 seconds
 
 
 
NOTE: Input data set is empty.
NOTE: The data set WORK._COUNT has 0 observations and 2 variables.
NOTE: PROCEDURE SORT used (Total process time):
      real time           0.02 seconds
      cpu time            0.01 seconds
 
 
 
NOTE: There were 34 observations read from the data set WORK._CLASSOUT.
NOTE: The data set WORK._CLASSOUT has 34 observations and 9 variables.
NOTE: PROCEDURE SORT used (Total process time):
      real time           0.01 seconds
      cpu time            0.00 seconds
 
 
 
NOTE: There were 34 observations read from the data set WORK._CLASSOUT.
NOTE: The data set WORK._DISCRETEMID has 2 observations and 18 variables.
NOTE: PROCEDURE TRANSPOSE used (Total process time):
      real time           0.02 seconds
      cpu time            0.01 seconds
 
 
 
NOTE: Deleting WORK._CLASSOUT (memtype=DATA).
NOTE: PROCEDURE DELETE used (Total process time):
      real time           0.00 seconds
      cpu time            0.00 seconds
 
 
 
NOTE: DATA statement used (Total process time):
      real time           0.01 seconds
      cpu time            0.00 seconds
 
 
 
NOTE: There were 2 observations read from the data set WORK._DISCRETEMID.
NOTE: There were 0 observations read from the data set WORK._COUNT.
NOTE: The data set WORK._DISCRETEMID has 0 observations and 19 variables.
NOTE: DATA statement used (Total process time):
      real time           0.01 seconds
      cpu time            0.01 seconds
 
 
 
NOTE: DATA STEP view saved on file WORK._EMVARDIST.
NOTE: A stored DATA STEP view cannot run under a different operating system.
NOTE: Visualizza EMWS1.MDLCOMP_TRAIN.VIEW used (Total process time):
      real time           0.16 seconds
      cpu time            0.12 seconds
 
NOTE: DATA statement used (Total process time):
      real time           0.20 seconds
      cpu time            0.15 seconds
 
 
 
NOTE: Variable _WARN_ is uninitialized.
NOTE: There were 4743 observations read from the data set EMWS1.PART_TRAIN.
NOTE: There were 4743 observations read from the data set EMWS1.REPL_TRAIN.
NOTE: There were 4743 observations read from the data set EMWS1.TREE_TRAIN.
NOTE: Visualizza WORK._EMVARDIST.VIEW used (Total process time):
      real time           0.38 seconds
      cpu time            0.31 seconds
 
NOTE: There were 4743 observations read from the data set EMWS1.MDLCOMP_TRAIN.
NOTE: There were 4743 observations read from the data set WORK._EMVARDIST.
NOTE: The data set WORK.SCORE_SUMDATA has 15 observations and 3 variables.
NOTE: PROCEDURE STDIZE used (Total process time):
      real time           0.41 seconds
      cpu time            0.32 seconds
 
 
 
NOTE: Deleting WORK._EMVARDIST (memtype=VIEW).
 
NOTE: PROCEDURE DATASETS used (Total process time):
      real time           0.00 seconds
      cpu time            0.01 seconds
 
 
 
NOTE: There were 4 observations read from the data set WORK.SCORE_SUMDATA.
      WHERE _type_ in ('P0', 'P100', 'P5', 'P95');
NOTE: The data set WORK._BINDATA has 2 observations and 6 variables.
NOTE: PROCEDURE TRANSPOSE used (Total process time):
      real time           0.02 seconds
      cpu time            0.01 seconds
 
 
 
NOTE: There were 2 observations read from the data set WORK._BINDATA.
NOTE: The data set WORK._BINDATA has 2 observations and 6 variables.
NOTE: PROCEDURE SORT used (Total process time):
      real time           0.01 seconds
      cpu time            0.01 seconds
 
 
 
NOTE: There were 2 observations read from the data set WORK._BINDATA.
NOTE: The data set WORK._BINDATA has 2 observations and 69 variables.
NOTE: DATA statement used (Total process time):
      real time           0.01 seconds
      cpu time            0.01 seconds
 
 
 
WARNING: Multiple lengths were specified for the BY variable VARIABLE by input data sets. This might cause unexpected results.
NOTE: There were 2 observations read from the data set WORK._BINDATA.
NOTE: There were 0 observations read from the data set WORK._DISCRETEMID.
NOTE: The data set WORK._BINDATA has 2 observations and 71 variables.
NOTE: DATA statement used (Total process time):
      real time           0.01 seconds
      cpu time            0.01 seconds
 
 
 
NOTE: The file FREF is:
      Catalog Name=WORK.EM.PROFILEFORMAT.SOURCE,
      Dimensione della pagina del catalogo=4096,
      Numero pagine del catalogo=4,
      Data di creazione=domenica 25 ottobre 2020 22:54:43,
      Ultima modifica=domenica 25 ottobre 2020 22:54:43,
      Nome file=C:\Users\MARIAV~1\AppData\Local\Temp\SAS Temporary Files\_TD23832_DESKTOP-NN2L3RB_\em.sas7bcat,
      Release di creazione=9.0401M5,
      Host di creazione=X64_10PRO,
      Nome proprietario=DESKTOP-NN2L3RB\Maria Vallarelli,
      Dimensione=             5KB,
      Dimensione (byte)=5120
 
NOTE: 38 records were written to the file FREF.
      The minimum record length was 1.
      The maximum record length was 25.
NOTE: There were 2 observations read from the data set WORK._BINDATA.
NOTE: DATA statement used (Total process time):
      real time           0.02 seconds
      cpu time            0.01 seconds
 
 
NOTE: Format F1_ has been output.
NOTE: Format F2_ has been output.
 
NOTE: PROCEDURE FORMAT used (Total process time):
      real time           0.00 seconds
      cpu time            0.00 seconds
 
 
NOTE: Fileref FREF has been deassigned.
 
NOTE: DATA STEP view saved on file WORK._BINNEDDATA.
NOTE: A stored DATA STEP view cannot run under a different operating system.
NOTE: Visualizza EMWS1.MDLCOMP_TRAIN.VIEW used (Total process time):
      real time           0.12 seconds
      cpu time            0.12 seconds
 
NOTE: DATA statement used (Total process time):
      real time           0.15 seconds
      cpu time            0.15 seconds
 
 
 
NOTE: Variable _WARN_ is uninitialized.
NOTE: Records processed = 4743   Memory used = 511K.
NOTE: There were 4743 observations read from the data set EMWS1.PART_TRAIN.
NOTE: There were 4743 observations read from the data set EMWS1.REPL_TRAIN.
NOTE: There were 4743 observations read from the data set EMWS1.TREE_TRAIN.
NOTE: Visualizza WORK._BINNEDDATA.VIEW used (Total process time):
      real time           0.21 seconds
      cpu time            0.21 seconds
 
NOTE: There were 4743 observations read from the data set EMWS1.MDLCOMP_TRAIN.
NOTE: There were 4743 observations read from the data set WORK._BINNEDDATA.
NOTE: The data set WORK._TEMPTAB has 27 observations and 9 variables.
NOTE: PROCEDURE DMDB used (Total process time):
      real time           0.24 seconds
      cpu time            0.25 seconds
 
 
 
NOTE: There were 27 observations read from the data set WORK._TEMPTAB.
NOTE: The data set WORK.SCORE_VARHIST has 27 observations and 4 variables.
NOTE: DATA statement used (Total process time):
      real time           0.02 seconds
      cpu time            0.03 seconds
 
 
 
NOTE: The file WORK._MINMAXDATA (memtype=(DATA VIEW)) was not found, but appears on a DELETE statement.
NOTE: Deleting WORK._TEMPTAB (memtype=DATA).
NOTE: Deleting WORK._BINNEDDATA (memtype=VIEW).
 
NOTE: PROCEDURE DATASETS used (Total process time):
      real time           0.01 seconds
      cpu time            0.00 seconds
 
 
 
15739  data work.Score_VARHIST;
15740  length DATAROLE $8 TYPE $14;
15741  retain DATAROLE "TRAIN" TYPE "";
15742  set work.Score_VARHIST(rename=(VALUE=X));
15743  run;
 
NOTE: There were 27 observations read from the data set WORK.SCORE_VARHIST.
NOTE: The data set WORK.SCORE_VARHIST has 27 observations and 6 variables.
NOTE: DATA statement used (Total process time):
      real time           0.01 seconds
      cpu time            0.01 seconds
 
 
15744  proc append base=work.Score_HIST data=work.Score_VARHIST;
15745  run;
 
NOTE: Appending WORK.SCORE_VARHIST a WORK.SCORE_HIST.
NOTE: BASE data set does not exist. DATA file is being copied to BASE file.
NOTE: There were 27 observations read from the data set WORK.SCORE_VARHIST.
NOTE: The data set WORK.SCORE_HIST has 27 observations and 6 variables.
NOTE: PROCEDURE APPEND used (Total process time):
      real time           0.01 seconds
      cpu time            0.01 seconds
 
 
15746  proc transpose data=work.Score_SUMDATA out=work.Score_SUMDATA( rename=(_NAME_=VARIABLE _LABEL_=LABEL LOCATION=MEAN SCALE=STD P0=MIN P50=MEDIAN P100=MAX));
15747  where _TYPE_ in('LOCATION' 'SCALE' 'N' 'P0' 'P25' 'P50' 'P75' 'P100');
15748  id _type_;
15749  run;
 
NOTE: There were 8 observations read from the data set WORK.SCORE_SUMDATA.
      WHERE _TYPE_ in ('LOCATION', 'N', 'P0', 'P100', 'P25', 'P50', 'P75', 'SCALE');
NOTE: The data set WORK.SCORE_SUMDATA has 2 observations and 10 variables.
NOTE: PROCEDURE TRANSPOSE used (Total process time):
      real time           0.03 seconds
      cpu time            0.00 seconds
 
 
15750  data work.Score_SUMDATA;
15751  length DATAROLE $8 TYPE $14;
15752  retain DATAROLE "TRAIN" Type "";
15753  set work.Score_SUMDATA;
15754  run;
 
NOTE: There were 2 observations read from the data set WORK.SCORE_SUMDATA.
NOTE: The data set WORK.SCORE_SUMDATA has 2 observations and 12 variables.
NOTE: DATA statement used (Total process time):
      real time           0.00 seconds
      cpu time            0.01 seconds
 
 
15755  proc append base=WORK.ScoreSTAT data=work.Score_SUMDATA;
15756  run;
 
NOTE: Appending WORK.SCORE_SUMDATA a WORK.SCORESTAT.
NOTE: BASE data set does not exist. DATA file is being copied to BASE file.
NOTE: There were 2 observations read from the data set WORK.SCORE_SUMDATA.
NOTE: The data set WORK.SCORESTAT has 2 observations and 12 variables.
NOTE: PROCEDURE APPEND used (Total process time):
      real time           0.01 seconds
      cpu time            0.01 seconds
 
 
15757  data WORK.SCOREFREQMETA;
15758  length NAME $32 ROLE $32 LEVEL $8;
15759  NAME="I_target10";
15760  ROLE="INPUT";
15761  LEVEL="NOMINAL";
15762  TYPE="C";
15763  output;
15764  NAME="_NODE_";
15765  ROLE="INPUT";
15766  LEVEL="NOMINAL";
15767  TYPE="N";
15768  output;
15769  run;
 
NOTE: The data set WORK.SCOREFREQMETA has 2 observations and 4 variables.
NOTE: DATA statement used (Total process time):
      real time           0.00 seconds
      cpu time            0.00 seconds
 
 
15770  data WORK.SCOREHISTMETA;
15771  length NAME $32 ROLE $32 LEVEL $8;
15772  NAME="P_target101";
15773  ROLE="INPUT";
15774  LEVEL="INTERVAL";
15775  TYPE="N";
15776  output;
15777  NAME="P_target100";
15778  ROLE="INPUT";
15779  LEVEL="INTERVAL";
15780  TYPE="N";
15781  output;
15782  run;
 
NOTE: The data set WORK.SCOREHISTMETA has 2 observations and 4 variables.
NOTE: DATA statement used (Total process time):
      real time           0.00 seconds
      cpu time            0.00 seconds
 
 
NOTE: Visualizza EMWS1.MDLCOMP_VALIDATE.VIEW used (Total process time):
      real time           0.11 seconds
      cpu time            0.12 seconds
 
15783  ods listing close;
15784  ods output onewayfreqs=WORK.TEMPFREQ;
15785  proc freq data = EMWS1.MdlComp_VALIDATE order=formatted addnames;
15786  table I_target10 / missing;
15787  table _NODE_ / missing;
15788  run;
 
NOTE: Variable _WARN_ is uninitialized.
NOTE: There were 2035 observations read from the data set EMWS1.PART_VALIDATE.
NOTE: There were 2035 observations read from the data set EMWS1.REPL_VALIDATE.
NOTE: Visualizza EMWS1.MDLCOMP_VALIDATE.VIEW used (Total process time):
      real time           0.13 seconds
      cpu time            0.15 seconds
 
NOTE: There were 2035 observations read from the data set EMWS1.TREE_VALIDATE.
NOTE: The data set WORK.TEMPFREQ has 56 observations and 10 variables.
NOTE: There were 2035 observations read from the data set EMWS1.MDLCOMP_VALIDATE.
NOTE: PROCEDURE FREQ used (Total process time):
      real time           0.17 seconds
      cpu time            0.18 seconds
 
 
15789  quit;
15790  ods listing;
15791  data WORK.Score_BAR(keep=_VARIABLE_ TYPE COUNT PERCENT _X_ _XLABEL_);
15792  label _VARIABLE_ = "%sysfunc(sasmsg(sashelp.dmine, rpt_variable_vlabel, NOQUOTE))" Type = "%sysfunc(sasmsg(sashelp.dmine, rpt_type_vlabel,         NOQUOTE))" _X_ = "%sysfunc(sasmsg(sashelp.dmine, rpt_numValue_vlabel, NOQUOTE))" _XLABEL_ =
15793     "%sysfunc(sasmsg(sashelp.dmine, rpt_fmtValue_vlabel ,    NOQUOTE))" COUNT = "%sysfunc(sasmsg(sashelp.dmine, rpt_count_vlabel,        NOQUOTE))" PERCENT = "%sysfunc(sasmsg(sashelp.dmine, rpt_percent_vlabel,      NOQUOTE))";
15794  dsid = open("WORK.TEMPFREQ");
15795  varnum = varnum(dsid, 'VARIABLE');
15796  freqnum = varnum(dsid, 'FREQUENCY');
15797  pvarnum = varnum(dsid, 'PERCENT');
15798  typenum = varnum(dsid, '_TYPE_');
15799  length _VARIABLE_ $32 TYPE $1 _XLABEL_ $32;
15800  do while(^fetch(dsid));
15801  _VARIABLE_ = strip(getvarc(dsid, varnum));
15802  count = getvarn(dsid, freqnum);
15803  percent= getvarn(dsid, pvarnum);
15804  vvarnum = varnum(dsid, _VARIABLE_);
15805  type = vartype(dsid, vvarnum);
15806  fvarnum = varnum(dsid, 'F_'!!substr(_VARIABLE_, 1, 30));
15807  _XLABEL_ = left(getvarc(dsid, fvarnum));
15808  _X_ = .;
15809  if TYPE eq 'N' then _X_ = getvarn(dsid, vvarnum);
15810  output;
15811  end;
15812  dsid = close(dsid);
15813  run;
 
NOTE: The data set WORK.SCORE_BAR has 56 observations and 6 variables.
NOTE: DATA statement used (Total process time):
      real time           0.02 seconds
      cpu time            0.03 seconds
 
 
15814  proc sort data=WORK.Score_BAR NOTHREADS;
15815  by _VARIABLE_;
15816  run;
 
NOTE: There were 56 observations read from the data set WORK.SCORE_BAR.
NOTE: The data set WORK.SCORE_BAR has 56 observations and 6 variables.
NOTE: PROCEDURE SORT used (Total process time):
      real time           0.00 seconds
      cpu time            0.01 seconds
 
 
15817  proc sort data=WORK.M07Q17FY;
15818  by Name;
15819  run;
 
NOTE: There were 2 observations read from the data set WORK.M07Q17FY.
NOTE: The data set WORK.M07Q17FY has 2 observations and 4 variables.
NOTE: PROCEDURE SORT used (Total process time):
      real time           0.00 seconds
      cpu time            0.00 seconds
 
 
15820  data WORK.Score_BAR;
15821  merge WORK.Score_BAR(in=_a) WORK.M07Q17FY(keep=Name Role rename=(Name=_Variable_));
15822  by _Variable_;
15823  label Role = "%sysfunc(sasmsg(sashelp.dmine, meta_role_vlabel ,  NOQUOTE))";
15824  if _a then output;
15825  run;
 
NOTE: There were 56 observations read from the data set WORK.SCORE_BAR.
NOTE: There were 2 observations read from the data set WORK.M07Q17FY.
NOTE: The data set WORK.SCORE_BAR has 56 observations and 7 variables.
NOTE: DATA statement used (Total process time):
      real time           0.01 seconds
      cpu time            0.00 seconds
 
 
15826  data WORK.Score_BAR;
15827  length DATAROLE $8 TYPE $14;
15828  retain DATAROLE "VALIDATE";
15829  set WORK.Score_BAR;
15830  run;
 
NOTE: There were 56 observations read from the data set WORK.SCORE_BAR.
NOTE: The data set WORK.SCORE_BAR has 56 observations and 8 variables.
NOTE: DATA statement used (Total process time):
      real time           0.00 seconds
      cpu time            0.00 seconds
 
 
15831  proc append base=EMWS1.Score_BAR data=WORK.Score_BAR;
15832  run;
 
NOTE: Appending WORK.SCORE_BAR a EMWS1.SCORE_BAR.
NOTE: There were 56 observations read from the data set WORK.SCORE_BAR.
NOTE: 56 observations added.
NOTE: The data set EMWS1.SCORE_BAR has 112 observations and 8 variables.
NOTE: PROCEDURE APPEND used (Total process time):
      real time           0.00 seconds
      cpu time            0.01 seconds
 
 
15833  %var_profile(DATA=EMWS1.MdlComp_VALIDATE, OUTPUT=work.Score_VARHIST, METADATA=WORK.SCOREHISTMETA, COMPUTESTAT=N, BINDATA=_bindata, STAT=_STAT, PCTLSTAT=work.Score_SUMDATA, FREQ=, BIN=Y, NUMBARS= 16);
*------------------------------------------------------------*
* EM: calcolo delle statistiche di riepilogo
*------------------------------------------------------------*
 
NOTE: There were 2 observations read from the data set WORK.SCOREHISTMETA.
      WHERE (LEVEL='INTERVAL') and (ROLE not = 'FREQ');
NOTE: The data set WORK._NULL has 2 observations and 4 variables.
NOTE: DATA statement used (Total process time):
      real time           0.01 seconds
      cpu time            0.01 seconds
 
 
 
NOTE: The file _MAC is:
      Catalog Name=WORK.MACROS.VARIABLES.SOURCE,
      Dimensione della pagina del catalogo=4096,
      Numero pagine del catalogo=5,
      Data di creazione=domenica 25 ottobre 2020 22:54:42,
      Ultima modifica=domenica 25 ottobre 2020 22:54:42,
      Nome file=C:\Users\MARIAV~1\AppData\Local\Temp\SAS Temporary Files\_TD23832_DESKTOP-NN2L3RB_\macros.sas7bcat,
      Release di creazione=9.0401M5,
      Host di creazione=X64_10PRO,
      Nome proprietario=DESKTOP-NN2L3RB\Maria Vallarelli,
      Dimensione=            17KB,
      Dimensione (byte)=17408
 
NOTE: 3 records were written to the file _MAC.
      The minimum record length was 12.
      The maximum record length was 23.
NOTE: There were 2 observations read from the data set WORK.SCOREHISTMETA.
      WHERE (LEVEL='INTERVAL') or (ROLE='FREQ');
NOTE: DATA statement used (Total process time):
      real time           0.01 seconds
      cpu time            0.01 seconds
 
 
NOTE: Fileref _MAC has been deassigned.
 
NOTE: DATA STEP view saved on file WORK._BINNEDDATA.
NOTE: A stored DATA STEP view cannot run under a different operating system.
NOTE: Visualizza EMWS1.MDLCOMP_VALIDATE.VIEW used (Total process time):
      real time           0.11 seconds
      cpu time            0.11 seconds
 
NOTE: DATA statement used (Total process time):
      real time           0.14 seconds
      cpu time            0.15 seconds
 
 
 
NOTE: Variable _WARN_ is uninitialized.
NOTE: Records processed = 2035   Memory used = 511K.
NOTE: There were 2035 observations read from the data set EMWS1.PART_VALIDATE.
NOTE: There were 2035 observations read from the data set EMWS1.REPL_VALIDATE.
NOTE: There were 2035 observations read from the data set EMWS1.TREE_VALIDATE.
NOTE: Visualizza WORK._BINNEDDATA.VIEW used (Total process time):
      real time           0.17 seconds
      cpu time            0.17 seconds
 
NOTE: There were 2035 observations read from the data set EMWS1.MDLCOMP_VALIDATE.
NOTE: There were 2035 observations read from the data set WORK._BINNEDDATA.
NOTE: The data set WORK._TEMPTAB has 27 observations and 9 variables.
NOTE: PROCEDURE DMDB used (Total process time):
      real time           0.20 seconds
      cpu time            0.20 seconds
 
 
 
NOTE: There were 27 observations read from the data set WORK._TEMPTAB.
NOTE: The data set WORK.SCORE_VARHIST has 27 observations and 4 variables.
NOTE: DATA statement used (Total process time):
      real time           0.03 seconds
      cpu time            0.03 seconds
 
 
 
NOTE: The file WORK._MINMAXDATA (memtype=(DATA VIEW)) was not found, but appears on a DELETE statement.
NOTE: Deleting WORK._TEMPTAB (memtype=DATA).
NOTE: Deleting WORK._BINNEDDATA (memtype=VIEW).
 
NOTE: PROCEDURE DATASETS used (Total process time):
      real time           0.00 seconds
      cpu time            0.00 seconds
 
 
 
15837  data work.Score_VARHIST;
15838  length DATAROLE $8 TYPE $14;
15839  retain DATAROLE "VALIDATE" TYPE "";
15840  set work.Score_VARHIST(rename=(VALUE=X));
15841  run;
 
NOTE: There were 27 observations read from the data set WORK.SCORE_VARHIST.
NOTE: The data set WORK.SCORE_VARHIST has 27 observations and 6 variables.
NOTE: DATA statement used (Total process time):
      real time           0.01 seconds
      cpu time            0.01 seconds
 
 
15842  proc append base=work.Score_HIST data=work.Score_VARHIST;
15843  run;
 
NOTE: Appending WORK.SCORE_VARHIST a WORK.SCORE_HIST.
NOTE: There were 27 observations read from the data set WORK.SCORE_VARHIST.
NOTE: 27 observations added.
NOTE: The data set WORK.SCORE_HIST has 54 observations and 6 variables.
NOTE: PROCEDURE APPEND used (Total process time):
      real time           0.00 seconds
      cpu time            0.01 seconds
 
 
15844  proc stdize data=EMWS1.MdlComp_VALIDATE(obs=1000000) outstat=work.Score_SUMDATA out=_null_ pctlpts=(0 5 25 50 75 95 100);
15845  var
15846  P_target101
15847  P_target100
15848  ;
15849  run;
 
NOTE: Variable _WARN_ is uninitialized.
NOTE: There were 2035 observations read from the data set EMWS1.PART_VALIDATE.
NOTE: There were 2035 observations read from the data set EMWS1.REPL_VALIDATE.
NOTE: Visualizza EMWS1.MDLCOMP_VALIDATE.VIEW used (Total process time):
      real time           0.22 seconds
      cpu time            0.21 seconds
 
NOTE: There were 2035 observations read from the data set EMWS1.TREE_VALIDATE.
NOTE: There were 2035 observations read from the data set EMWS1.MDLCOMP_VALIDATE.
NOTE: The data set WORK.SCORE_SUMDATA has 15 observations and 3 variables.
NOTE: PROCEDURE STDIZE used (Total process time):
      real time           0.25 seconds
      cpu time            0.26 seconds
 
 
15850  quit;
 
15851  proc transpose data=work.Score_SUMDATA out=work.Score_SUMDATA( rename=(_NAME_=VARIABLE _LABEL_=LABEL LOCATION=MEAN SCALE=STD P0=MIN P50=MEDIAN P100=MAX));
15852  where _TYPE_ in('LOCATION' 'SCALE' 'N' 'P0' 'P25' 'P50' 'P75' 'P100');
15853  id _type_;
15854  run;
 
NOTE: There were 8 observations read from the data set WORK.SCORE_SUMDATA.
      WHERE _TYPE_ in ('LOCATION', 'N', 'P0', 'P100', 'P25', 'P50', 'P75', 'SCALE');
NOTE: The data set WORK.SCORE_SUMDATA has 2 observations and 10 variables.
NOTE: PROCEDURE TRANSPOSE used (Total process time):
      real time           0.01 seconds
      cpu time            0.01 seconds
 
 
15855  data work.Score_SUMDATA;
15856  length DATAROLE $8 TYPE $14;
15857  retain DATAROLE "VALIDATE" Type "";
15858  set work.Score_SUMDATA;
15859  run;
 
NOTE: There were 2 observations read from the data set WORK.SCORE_SUMDATA.
NOTE: The data set WORK.SCORE_SUMDATA has 2 observations and 12 variables.
NOTE: DATA statement used (Total process time):
      real time           0.01 seconds
      cpu time            0.01 seconds
 
 
15860  proc append base=WORK.ScoreSTAT data=work.Score_SUMDATA;
15861  run;
 
NOTE: Appending WORK.SCORE_SUMDATA a WORK.SCORESTAT.
NOTE: There were 2 observations read from the data set WORK.SCORE_SUMDATA.
NOTE: 2 observations added.
NOTE: The data set WORK.SCORESTAT has 4 observations and 12 variables.
NOTE: PROCEDURE APPEND used (Total process time):
      real time           0.01 seconds
      cpu time            0.00 seconds
 
 
15862  data EMWS1.Score_BAR(DROP=ROLE rename = (_VARIABLE_=VARIABLE _XLABEL_=X));
15863  set EMWS1.Score_BAR;
15864  label VARIABLE= "%sysfunc(sasmsg(sashelp.dmine, meta_name_vlabel,  NOQUOTE))" DATAROLE= "%sysfunc(sasmsg(sashelp.dmine, rpt_datarole_vlabel,  NOQUOTE))" TYPE = "%sysfunc(sasmsg(sashelp.dmine, rpt_outputType_vlabel,  NOQUOTE))";
15865  select(_VARIABLE_);
15866  when("I_target10") TYPE = 'CLASSIFICATION';
15867  when("_NODE_") TYPE = 'SEGMENT';
15868  otherwise;
15869  end;
15870  run;
 
NOTE: Variable VARIABLE is uninitialized.
NOTE: There were 112 observations read from the data set EMWS1.SCORE_BAR.
NOTE: The data set EMWS1.SCORE_BAR has 112 observations and 7 variables.
NOTE: DATA statement used (Total process time):
      real time           0.01 seconds
      cpu time            0.01 seconds
 
 
15871  proc sort data = EMWS1.Score_BAR NOTHREADS;
15872  by DATAROLE TYPE;
15873  run;
 
NOTE: There were 112 observations read from the data set EMWS1.SCORE_BAR.
NOTE: The data set EMWS1.SCORE_BAR has 112 observations and 7 variables.
NOTE: PROCEDURE SORT used (Total process time):
      real time           0.00 seconds
      cpu time            0.00 seconds
 
 
15874  %let _cn = %sysfunc(getoption(CENTER));
15875  %let _nb = %sysfunc(getoption(NUMBER));
15876  options nonumber nocenter;
15877  title;
15878  proc print data = EMWS1.Score_BAR noobs label;
15879  by DATAROLE TYPE;
15880  title9 ' ';
15881  title10 "%sysfunc(sasmsg(sashelp.dmine, rpt_classStats_title, NOQUOTE))";
15882  run;
 
NOTE: There were 112 observations read from the data set EMWS1.SCORE_BAR.
NOTE: The PROCEDURE PRINT printed page 4.
NOTE: PROCEDURE PRINT used (Total process time):
      real time           0.01 seconds
      cpu time            0.00 seconds
 
 
15883  title10;
15884  options &_cn &_nb;
 
15885  data EMWS1.Score_HIST;
15886  set work.Score_HIST(rename=(Percent=Value));
15887  label VARIABLE= "%sysfunc(sasmsg(sashelp.dmine, meta_name_vlabel,      NOQUOTE))" DATAROLE= "%sysfunc(sasmsg(sashelp.dmine, rpt_datarole_vlabel,   NOQUOTE))" TYPE = "%sysfunc(sasmsg(sashelp.dmine, rpt_outputType_vlabel, NOQUOTE))" X =
15888     "%sysfunc(sasmsg(sashelp.dmine, rpt_numValue_vlabel,   NOQUOTE))" COUNT = "%sysfunc(sasmsg(sashelp.dmine, rpt_count_vlabel,      NOQUOTE))" Value = "%sysfunc(sasmsg(sashelp.dmine, rpt_percent_vlabel,    NOQUOTE))";
15889  select(VARIABLE);
15890  when("P_target101") TYPE = 'PROBABILITY';
15891  when("P_target100") TYPE = 'PROBABILITY';
15892  when("_NODE_") TYPE= 'SEGMENT';
15893  otherwise;
15894  end;
15895  run;
 
NOTE: There were 54 observations read from the data set WORK.SCORE_HIST.
NOTE: The data set EMWS1.SCORE_HIST has 54 observations and 6 variables.
NOTE: DATA statement used (Total process time):
      real time           0.02 seconds
      cpu time            0.03 seconds
 
 
15896  data WORK.ScoreSTAT;
15897  set WORK.ScoreSTAT;
15898  label VARIABLE= "%sysfunc(sasmsg(sashelp.dmine, meta_name_vlabel,  NOQUOTE))" LABEL = "%sysfunc(sasmsg(sashelp.dmine, meta_label_vlabel,  NOQUOTE))" MEAN = "%sysfunc(sasmsg(sashelp.dmine, rpt_mean_vlabel,  NOQUOTE))" N =
15899     "%sysfunc(sasmsg(sashelp.dmine, rpt_nonmiss_vlabel,  NOQUOTE))" STD = "%sysfunc(sasmsg(sashelp.dmine, rpt_std_vlabel,  NOQUOTE))" MIN = "%sysfunc(sasmsg(sashelp.dmine, rpt_minimum_vlabel,  NOQUOTE))" MAX =
15900     "%sysfunc(sasmsg(sashelp.dmine, rpt_maximum_vlabel,  NOQUOTE))" MEDIAN = "%sysfunc(sasmsg(sashelp.dmine, rpt_median_vlabel,  NOQUOTE))" P25 = "%sysfunc(sasmsg(sashelp.dmine, rpt_p25_vlabel,  NOQUOTE))" P75 =
15901     "%sysfunc(sasmsg(sashelp.dmine, rpt_p75_vlabel,  NOQUOTE))";
15902  select(VARIABLE);
15903  when("P_target101") TYPE = 'PROBABILITY';
15904  when("P_target100") TYPE = 'PROBABILITY';
15905  when("_NODE_") TYPE= 'SEGMENT';
15906  otherwise;
15907  end;
15908  run;
 
NOTE: There were 4 observations read from the data set WORK.SCORESTAT.
NOTE: The data set WORK.SCORESTAT has 4 observations and 12 variables.
NOTE: DATA statement used (Total process time):
      real time           0.02 seconds
      cpu time            0.03 seconds
 
 
15909  proc sort data = WORK.ScoreSTAT NOTHREADS;
15910  by VARIABLE;
15911  run;
 
NOTE: There were 4 observations read from the data set WORK.SCORESTAT.
NOTE: The data set WORK.SCORESTAT has 4 observations and 12 variables.
NOTE: PROCEDURE SORT used (Total process time):
      real time           0.00 seconds
      cpu time            0.00 seconds
 
 
15912  proc transpose data = WORK.ScoreSTAT out=WORK.ScoreSTAT(rename=(_NAME_=STATISTICS _LABEL_=LABEL));
15913  by VARIABLE;
15914  id DATAROLE;
15915  run;
 
NOTE: There were 4 observations read from the data set WORK.SCORESTAT.
NOTE: The data set WORK.SCORESTAT has 16 observations and 5 variables.
NOTE: PROCEDURE TRANSPOSE used (Total process time):
      real time           0.01 seconds
      cpu time            0.00 seconds
 
 
15916  proc datasets library=WORK nolist;
15917  modify ScoreSTAT;
15918  label STATISTICS = "%sysfunc(sasmsg(sashelp.dmine, rpt_statistics_vlabel,  NOQUOTE))" VARIABLE= "%sysfunc(sasmsg(sashelp.dmine, meta_name_vlabel,  NOQUOTE))" LABEL = "%sysfunc(sasmsg(sashelp.dmine, meta_label_vlabel,  NOQUOTE))" TYPE =
WARNING: Variable TYPE not found in data set WORK.SCORESTAT.
15919     "%sysfunc(sasmsg(sashelp.dmine, rpt_outputType_vlabel,  NOQUOTE))";
15920  run;
 
NOTE: MODIFY was successful for WORK.SCORESTAT.DATA.
15921  %let _cn = %sysfunc(getoption(CENTER));
15922  %let _nb = %sysfunc(getoption(NUMBER));
15923  options nonumber nocenter;
15924  title;
 
NOTE: PROCEDURE DATASETS used (Total process time):
      real time           0.02 seconds
      cpu time            0.03 seconds
 
 
15925  proc print data = WORK.ScoreSTAT label noobs;
15926  by VARIABLE;
15927  title9 ' ';
15928  title10 "%sysfunc(sasmsg(sashelp.dmine, rpt_intervalStats_title, NOQUOTE))";
15929  run;
 
NOTE: There were 16 observations read from the data set WORK.SCORESTAT.
NOTE: The PROCEDURE PRINT printed page 5.
NOTE: PROCEDURE PRINT used (Total process time):
      real time           0.00 seconds
      cpu time            0.00 seconds
 
 
15930  title10;
15931  options &_cn &_nb;
 
