*------------------------------------------------------------*
* Log di training
Data:               25 ottobre 2020
Ora:                22:54:35
*------------------------------------------------------------*
11423  proc freq data=EMWS1.Score_VariableSet noprint;
11424  table ROLE*LEVEL/out=WORK.ScoreMETA;
11425  run;

NOTE: There were 3 observations read from the data set EMWS1.SCORE_VARIABLESET.
NOTE: The data set WORK.SCOREMETA has 2 observations and 4 variables.
NOTE: PROCEDURE FREQ used (Total process time):
      real time           0.03 seconds
      cpu time            0.01 seconds
      

11426  proc print data=WORK.ScoreMETA label noobs;
11427  var ROLE LEVEL COUNT;
11428  label ROLE = "%sysfunc(sasmsg(sashelp.dmine, meta_role_vlabel, NOQUOTE))" LEVEL = "%sysfunc(sasmsg(sashelp.dmine, meta_level_vlabel, NOQUOTE))" COUNT = "%sysfunc(sasmsg(sashelp.dmine, rpt_count_vlabel, NOQUOTE))";
11429  title9 ' ';
11430  title10 "%sysfunc(sasmsg(sashelp.dmine, rpt_varSummary_title  , NOQUOTE))";
11431  run;

NOTE: There were 2 observations read from the data set WORK.SCOREMETA.
NOTE: The PROCEDURE PRINT printed page 1.
NOTE: PROCEDURE PRINT used (Total process time):
      real time           0.01 seconds
      cpu time            0.01 seconds
      

11432  title10;

11433  %let groupid =;
11434  %let endGroupid =;
11435  %let prescoreid =;
11436  %let idsTable =;
11437  %let hpdmTable =;
11438  %let lasthptm =;
11439  %let lastTm =;
11440  data _null_;
11441  set EMWS1.Tree_EMINFO;
11442  where upcase(key) in('LASTHPTM', 'LASTTMNODE', 'IDSTABLE', 'HPDMSAMPLE', 'PRESCORECODE','ENDGROUP', 'GROUPINFO', 'BOOSTINFO', 'BAGINFO', 'TARGETINFO', 'INDEXINFO');
11443  select(upcase(key));
11444  when('LASTHPTM') call symput('lasthptm', DATA);
11445  when('LASTTMNODE') call symput('lastTm', DATA);
11446  when('IDSTABLE') call symput('idsTable', DATA);
11447  when('HPDMSAMPLE') call symput('hpdmSample', DATA);
11448  when('PRESCORECODE') call symput('prescoreId', DATA);
11449  when('ENDGROUP') call symput('endGroupId', DATA);
11450  otherwise call symput('groupId', DATA);
11451  end;
11452  run;

NOTE: There were 1 observations read from the data set EMWS1.TREE_EMINFO.
      WHERE UPCASE(key) in ('BAGINFO', 'BOOSTINFO', 'ENDGROUP', 'GROUPINFO', 'HPDMSAMPLE', 'IDSTABLE', 'INDEXINFO', 'LASTHPTM', 'LASTTMNODE', 'PRESCORECODE', 'TARGETINFO');
NOTE: DATA statement used (Total process time):
      real time           0.00 seconds
      cpu time            0.00 seconds
      

Executing  SASHELP.EMCORE.EMINFOITERATOR.SCL _INIT >> 
Executing  SASHELP.EMCORE.EMINFOITERATOR.SCL setMetaData >> 
NOTE: There were 1 observations read from the data set EMWS1.TREE_EMINFO.
      WHERE (TARGET='target10') and (KEY='MODEL');
NOTE: The data set WORK.EMINFO433Q8JH8 has 1 observations and 3 variables.
Executing  SASHELP.EMCORE.EMINFOITERATOR.SCL NUMELEMENTS >> 
Executing  SASHELP.EMCORE.EMINFOITERATOR.SCL _term >> 
Executing  SASHELP.EMCORE.EMINFOITERATOR.SCL _INIT >> 
Executing  SASHELP.EMCORE.EMINFOITERATOR.SCL setMetaData >> 
NOTE: There were 1 observations read from the data set EMWS1.TREE_EMINFO.
      WHERE (TARGET='target10') and (KEY='DECMETA');
NOTE: The data set WORK.EMINFO43AEQ4X6 has 1 observations and 3 variables.
Executing  SASHELP.EMCORE.EMINFOITERATOR.SCL next >> 
Executing  SASHELP.EMCORE.EMINFOITERATOR.SCL next >> 
Executing  SASHELP.EMCORE.EMINFOITERATOR.SCL _term >> 
11453  %let em_rootkey=;
11454  %let em_keytype=;
11455  %let em_keylen=;
11456  data _null_;
11457  set EMWS1.Ids_cmeta_data;
11458  where role='KEY';
11459  call symput('em_rootkey', strip(NAME));
11460  call symput('em_keytype', strip(TYPE));
11461  call symput('em_rootlen', strip(put(length, best.)));
11462  run;

NOTE: There were 0 observations read from the data set EMWS1.IDS_CMETA_DATA.
      WHERE role='KEY';
NOTE: DATA statement used (Total process time):
      real time           0.00 seconds
      cpu time            0.01 seconds
      

NOTE: This SAS session is using a registry in WORK.  All changes will be lost at the end of this session.
