*------------------------------------------------------------*
* Log dei report
Data:               20 ottobre 2020
Ora:                00:08:11
*------------------------------------------------------------*
17115  %let EMEXCEPTIONSTRING=;
17116  *------------------------------------------------------------*;
17117  * REPORT: FIMPORT;
17118  *------------------------------------------------------------*;
17119  %let EM_ACTION = REPORT;
17120  %let syscc = 0;
17121  /* Fimport.source */
17122  %macro main;
17123        %if %upcase(&EM_ACTION) = CREATE %then %do;
17124           filename temp catalog 'sashelp.emsamp.Fimport_create.source';
17125           %include temp;
17126           filename temp;
17127           %create;
17128        %end;
17129        %else
17130        %if %upcase(&EM_ACTION) = TRAIN %then %do;
17131           filename temp catalog 'sashelp.emsamp.Fimport_train.source';
17132           %include temp;
17133           filename temp;
17134           %train;
17135        %end;
17136        %else
17137        %if %upcase(&EM_ACTION) = UPDATE %then %do;
17138           filename temp catalog 'sashelp.emsamp.Fimport_update.source';
17139           %include temp;
17140           filename temp;
17141           %update;
17142        %end;
17143        %else
17144        %if %upcase(&EM_ACTION) = PROPERTY %then %do;
17145           filename temp catalog 'sashelp.emsamp.Fimport_actions.source';
17146           %include temp;
17147           filename temp;
17148           %property;
17149        %end;
17150         %else
17151        %if %upcase(&EM_ACTION) = SCORE %then %do;
17152           filename temp catalog 'sashelp.emsamp.Fimport_score.source';
17153           %include temp;
17154           filename temp;
17155           %score;
17156        %end;
17157        %else
17158        %if %upcase(&EM_ACTION) = REPORT %then %do;
17159           filename temp catalog 'sashelp.emsamp.Fimport_report.source';
17160           %include temp;
17161           filename temp;
17162           %report;
17163        %end;
17164        %else
17165        %if %upcase(&EM_ACTION) = OPENVARIABLESET %then %do;
17166           filename temp catalog 'sashelp.emsamp.Fimport_actions.source';
17167           %include temp;
17168           filename temp;
17169           %openvariableset;
17170        %end;
17171        %else
17172        %if %upcase(&EM_ACTION) = CLOSEVARIABLESET %then %do;
17173           filename temp catalog 'sashelp.emsamp.Fimport_actions.source';
17174           %include temp;
17175           filename temp;
17176           %closevariableset;
17177        %end;
17178  %mend main;
17179  %main;
NOTE: %INCLUDE (level 1) file TEMP is file SASHELP.EMSAMP.FIMPORT_REPORT.SOURCE.
17180 +%macro report;
17181 +    %em_getname(key=EMSTAT,     type=DATA);
17182 +    %em_getname(key=EMINFO,     type=DATA);
17183 +    %em_getname(key=CLASS,      type=DATA);
17184 +    %em_getname(key=INTERVAL,   type=DATA);
17185 +
17186 +    %em_REPORT(key=EMSTAT,   viewtype=DATA, description=EMSTAT, block=Report, autodisplay=Y);
17187 +    %em_REPORT(key=INTERVAL, viewtype=LATTICE, LATTICETYPE=HISTOGRAM, LATTICEX=VARIABLE, DISCRETEX=Y, X=VALUE,FREQ=PERCENT,block=Report, description=INTERVALTARGET, autodisplay=N);
17188 +    %em_REPORT(key=CLASS, viewtype=LATTICE, LATTICEtype=BAR, LATTICEX=VARIABLE, X=VALUE,FREQ=PERCENT, block=Report, description=CLASSTARGET, autodisplay=Y);
17189 +
17190 +    %if &em_property_summarize eq Y %then %do;
17191 +        filename temp catalog 'sashelp.emmeta.emadvisestatistics.source';
17192 +        %include temp;
17193 +        filename temp;
17194 +
17195 +        data work.tempmeta;
17196 +           set &em_lib..&em_nodeid._CMETA_TRAIN;
17197 +           if ROLE='TARGET' and LEVEL ne 'INTERVAL' then output;
17198 +         run;
17199 +
17200 +        %class_profile(DATA=&em_export_train, OUTPUT=&em_user_class, VARS=,
17201 +                      METADATA=tempmeta, STAT=_STAT, FREQ=);
17202 +
17203 +         data work.tempmeta;
17204 +           set &em_lib..&em_nodeid._CMETA_TRAIN;
17205 +            if ROLE='TARGET' and LEVEL eq 'INTERVAL' then output;
17206 +         run;
17207 +         %var_profile(DATA=&em_export_train, OUTPUT=&em_user_INTERVAL, VARS=, METADATA=tempmeta, COMPUTESTAT=Y, STAT=_STAT, FREQ=,
17208 +                   BINDATA=, BIN=Y, NUMBARS=8, MINMAX=N);
17209 +
17210 +        data work.tempmeta;
17211 +           set &em_lib..&em_nodeid._CMETA_TRAIN;
17212 +        run;
17213 +
17214 +        %if "&em_property_advancedadvisor" eq "N" %then %do;
17215 +            %EmAdviseStat(&em_export_train, maxClassLevels=32, metadata=tempmeta, statisticData=&em_user_emstat);
17216 +
17217 +            data &em_data_exportset;
17218 +                 set &em_data_exportset;
17219 +                 if NODEPORT='TRAIN' then do;
17220 +                    EMINFO="&em_data_eminfo";
17221 +                    EMINFOMODTIME=datetime();
17222 +                 end;
17223 +            run;
17224 +        %end;
17225 +        %else %do;
17226 +            %em_getname(key=EMSTATDEFAULT,     type=DATA);
17227 +            %if %sysfunc(exist(&em_user_emstatdefault)) %then %do;
17228 +                data &em_user_emstat /  view=&em_user_emstat;
17229 +                   set &em_user_emstatdefault;
17230 +                run;
17231 +            %end;
17232 +        %end;
17233 +    %end;
17234 +    %else %do;
17235 +        %if "&em_property_advancedadvisor" eq "N" %then %do;
17236 +            proc datasets lib=&em_lib nolist;
17237 +               delete &em_nodeid._EMINFO;
17238 +            run;
17239 +            quit;
17240 +            data &em_data_exportset;
17241 +                 set &em_data_exportset;
17242 +                 if NODEPORT='TRAIN' then do;
17243 +                    EMINFO="";
17244 +                    EMINFOMODTIME=.;
17245 +                 end;
17246 +            run;
17247 +        %end;
17248 +    %end;
17249 +
17250 +    data &em_data_exportset;
17251 +       set &em_data_exportset;
17252 +       if NODEPORT='TRAIN' then do;
17253 +          ROLE="&em_property_role";
17254 +       end;
17255 +    run;
17256 +
17257 +    %if %sysfunc(exist(&em_data_variableSet)) %then %do;
17258 +        proc freq data=&em_data_variableset noprint;
17259 +             table ROLE*LEVEL/out=work.tempMeta;
17260 +        run;
17261 +        proc print data=work.tempmeta label noobs;
17262 +           var ROLE LEVEL COUNT;
17263 +           label ROLE  = "%sysfunc(sasmsg(sashelp.dmine, meta_role_vlabel, NOQUOTE))"
17264 +                 LEVEL = "%sysfunc(sasmsg(sashelp.dmine, meta_level_vlabel, NOQUOTE))"
17265 +                 COUNT = "%sysfunc(sasmsg(sashelp.dmine, rpt_count_vlabel, NOQUOTE))";
17266 +        title9  ' ';
17267 +        title10  "%sysfunc(sasmsg(sashelp.dmine, rpt_exptattributes_title, NOQUOTE, TRAIN))";
17268 +        run;
17269 +        title10;
17270 +    %end;
17271 +
17272 +    %if %sysfunc(exist(work.tempmeta)) %then %do;
17273 +        proc datasets lib=work nolist;
17274 +           delete tempmeta;
17275 +        run;
17276 +        quit;
17277 +    %end;
17278 +
17279 +%mend report;
17280 +
17281 +
17282 +
17283 +
17284 +
17285 +
17286 +
17287 +
17288 +
17289 +
17290 +
17291 +
17292 +
17293 +
17294 +
17295 +
17296 +
17297 +
17298 +
17299 +
17300 +
17301 +
17302 +
17303 +
17304 +
17305 +
17306 +
17307 +
17308 +
17309 +
17310 +
17311 +
17312 +
17313 +
17314 +
17315 +
17316 +
17317 +
17318 +
17319 +
17320 +
17321 +
17322 +
17323 +
17324 +
17325 +
17326 +
17327 +
NOTE: %INCLUDE (level 1) ending.
NOTE: Fileref TEMP has been deassigned.

NOTE: The data set WORK.EM_USER_REPORT has 132 observations and 4 variables.
NOTE: DATA statement used (Total process time):
      real time           0.03 seconds
      cpu time            0.03 seconds
      


NOTE: There were 132 observations read from the data set WORK.EM_USER_REPORT.
NOTE: The data set WORK.EM_USER_REPORT has 264 observations and 4 variables.
NOTE: DATA statement used (Total process time):
      real time           0.03 seconds
      cpu time            0.03 seconds
      


NOTE: There were 264 observations read from the data set WORK.EM_USER_REPORT.
NOTE: The data set WORK.EM_USER_REPORT has 396 observations and 4 variables.
NOTE: DATA statement used (Total process time):
      real time           0.03 seconds
      cpu time            0.03 seconds
      


NOTE: The file EMWS1.FIMPORT_EMINFO (memtype=DATA) was not found, but appears on a DELETE statement.

NOTE: PROCEDURE DATASETS used (Total process time):
      real time           0.00 seconds
      cpu time            0.01 seconds
      


NOTE: There were 6 observations read from the data set EMWS1.FIMPORT_EXPORTSET.
NOTE: The data set EMWS1.FIMPORT_EXPORTSET has 6 observations and 18 variables.
NOTE: DATA statement used (Total process time):
      real time           0.00 seconds
      cpu time            0.00 seconds
      


NOTE: There were 6 observations read from the data set EMWS1.FIMPORT_EXPORTSET.
NOTE: The data set EMWS1.FIMPORT_EXPORTSET has 6 observations and 18 variables.
NOTE: DATA statement used (Total process time):
      real time           0.00 seconds
      cpu time            0.01 seconds
      


NOTE: There were 40 observations read from the data set EMWS1.FIMPORT_VARIABLESET.
NOTE: The data set WORK.TEMPMETA has 5 observations and 4 variables.
NOTE: PROCEDURE FREQ used (Total process time):
      real time           0.02 seconds
      cpu time            0.03 seconds
      


NOTE: There were 5 observations read from the data set WORK.TEMPMETA.
NOTE: The PROCEDURE PRINT printed page 3.
NOTE: PROCEDURE PRINT used (Total process time):
      real time           0.01 seconds
      cpu time            0.00 seconds
      


NOTE: Deleting WORK.TEMPMETA (memtype=DATA).

NOTE: PROCEDURE DATASETS used (Total process time):
      real time           0.00 seconds
      cpu time            0.00 seconds
      

17328  *------------------------------------------------------------*;
17329  * End REPORT: FIMPORT;
17330  *------------------------------------------------------------*;

17331  /* Reset EM Options */
17332  options formchar="|----|+|---+=|-/\<>*";
17333  options nocenter ls=256 ps=10000;
17334  goptions reset=all device=GIF NODISPLAY;

17335  proc sort data=WORK.EM_USER_REPORT;
17336  by ID VIEW;
17337  run;

NOTE: There were 396 observations read from the data set WORK.EM_USER_REPORT.
NOTE: The data set WORK.EM_USER_REPORT has 396 observations and 4 variables.
NOTE: PROCEDURE SORT used (Total process time):
      real time           0.00 seconds
      cpu time            0.00 seconds
      

