*------------------------------------------------------------*
* Log dei report
Data:               19 ottobre 2020
Ora:                23:40:51
*------------------------------------------------------------*
12015  *------------------------------------------------------------*;
12016  * Part: calcolo delle statistiche per le variabili target categoriche;
12017  *------------------------------------------------------------*;
12018  ods listing close;
12019  ods output onewayfreqs=WORK.TEMPFREQ;
12020  proc freq data = EMWS1.Stat_TRAIN order=formatted addnames;
12021  table target / missing;
12022  run;

NOTE: There were 6778 observations read from the data set LIB.EM_SAVE_TRAIN.
NOTE: Visualizza EMWS1.STAT_TRAIN.VIEW used (Total process time):
      real time           0.09 seconds
      cpu time            0.04 seconds
      
NOTE: There were 6778 observations read from the data set EMWS1.IDS_DATA.
NOTE: The data set WORK.TEMPFREQ has 2 observations and 8 variables.
NOTE: There were 6778 observations read from the data set EMWS1.STAT_TRAIN.
NOTE: PROCEDURE FREQ used (Total process time):
      real time           0.11 seconds
      cpu time            0.06 seconds
      

12023  quit;
12024  ods listing;
12025  data WORK.Part_BAR(keep=_VARIABLE_ TYPE COUNT PERCENT _X_ _XLABEL_);
12026  label _VARIABLE_ = "%sysfunc(sasmsg(sashelp.dmine, rpt_variable_vlabel, NOQUOTE))" Type = "%sysfunc(sasmsg(sashelp.dmine, rpt_type_vlabel,         NOQUOTE))" _X_ = "%sysfunc(sasmsg(sashelp.dmine, rpt_numValue_vlabel, NOQUOTE))" _XLABEL_ =
12027     "%sysfunc(sasmsg(sashelp.dmine, rpt_fmtValue_vlabel ,    NOQUOTE))" COUNT = "%sysfunc(sasmsg(sashelp.dmine, rpt_count_vlabel,        NOQUOTE))" PERCENT = "%sysfunc(sasmsg(sashelp.dmine, rpt_percent_vlabel,      NOQUOTE))";
12028  dsid = open("WORK.TEMPFREQ");
12029  varnum = varnum(dsid, 'VARIABLE');
12030  freqnum = varnum(dsid, 'FREQUENCY');
12031  pvarnum = varnum(dsid, 'PERCENT');
12032  typenum = varnum(dsid, '_TYPE_');
12033  length _VARIABLE_ $32 TYPE $1 _XLABEL_ $32;
12034  do while(^fetch(dsid));
12035  _VARIABLE_ = strip(getvarc(dsid, varnum));
12036  count = getvarn(dsid, freqnum);
12037  percent= getvarn(dsid, pvarnum);
12038  vvarnum = varnum(dsid, _VARIABLE_);
12039  type = vartype(dsid, vvarnum);
12040  fvarnum = varnum(dsid, 'F_'!!substr(_VARIABLE_, 1, 30));
12041  _XLABEL_ = left(getvarc(dsid, fvarnum));
12042  _X_ = .;
12043  if TYPE eq 'N' then _X_ = getvarn(dsid, vvarnum);
12044  output;
12045  end;
12046  dsid = close(dsid);
12047  run;

NOTE: The data set WORK.PART_BAR has 2 observations and 6 variables.
NOTE: DATA statement used (Total process time):
      real time           0.02 seconds
      cpu time            0.01 seconds
      

12048  proc sort data=WORK.Part_BAR NOTHREADS;
12049  by _VARIABLE_;
12050  run;

NOTE: There were 2 observations read from the data set WORK.PART_BAR.
NOTE: The data set WORK.PART_BAR has 2 observations and 6 variables.
NOTE: PROCEDURE SORT used (Total process time):
      real time           0.00 seconds
      cpu time            0.01 seconds
      

12051  proc sort data=WORK.M2W48L_D;
12052  by Name;
12053  run;

NOTE: There were 1 observations read from the data set WORK.M2W48L_D.
NOTE: The data set WORK.M2W48L_D has 1 observations and 21 variables.
NOTE: PROCEDURE SORT used (Total process time):
      real time           0.00 seconds
      cpu time            0.00 seconds
      

12054  data WORK.Part_BAR;
12055  merge WORK.Part_BAR(in=_a) WORK.M2W48L_D(keep=Name Label Role rename=(Name=_Variable_ Label=_Label_));
12056  by _Variable_;
12057  label Role = "%sysfunc(sasmsg(sashelp.dmine, meta_role_vlabel ,  NOQUOTE))";
12058  label Label = "%sysfunc(sasmsg(sashelp.dmine, meta_label_vlabel , NOQUOTE))";
12059  if _a then output;
12060  run;

NOTE: Variable Label is uninitialized.
WARNING: Multiple lengths were specified for the BY variable _VARIABLE_ by input data sets. This might cause unexpected results.
NOTE: There were 2 observations read from the data set WORK.PART_BAR.
NOTE: There were 1 observations read from the data set WORK.M2W48L_D.
NOTE: The data set WORK.PART_BAR has 2 observations and 8 variables.
NOTE: DATA statement used (Total process time):
      real time           0.01 seconds
      cpu time            0.01 seconds
      

12061  data EMWS1.Part_CLASS;
12062  length DATA $8;
12063  set WORK.Part_BAR;
12064  DATA = "DATA";
12065  run;

NOTE: There were 2 observations read from the data set WORK.PART_BAR.
NOTE: The data set EMWS1.PART_CLASS has 2 observations and 9 variables.
NOTE: DATA statement used (Total process time):
      real time           0.00 seconds
      cpu time            0.00 seconds
      

12066  *------------------------------------------------------------*;
12067  * Part: calcolo delle statistiche per le variabili target continue;
12068  *------------------------------------------------------------*;
12069  *------------------------------------------------------------*;
12070  * Part: calcolo delle statistiche per le variabili target categoriche;
12071  *------------------------------------------------------------*;
12072  ods listing close;
12073  ods output onewayfreqs=WORK.TEMPFREQ;
12074  proc freq data = EMWS1.Part_TRAIN order=formatted addnames;
12075  table target / missing;
12076  run;

NOTE: The data set WORK.TEMPFREQ has 2 observations and 8 variables.
NOTE: There were 4743 observations read from the data set EMWS1.PART_TRAIN.
NOTE: PROCEDURE FREQ used (Total process time):
      real time           0.01 seconds
      cpu time            0.01 seconds
      

12077  quit;
12078  ods listing;
12079  data WORK.Part_BAR(keep=_VARIABLE_ TYPE COUNT PERCENT _X_ _XLABEL_);
12080  label _VARIABLE_ = "%sysfunc(sasmsg(sashelp.dmine, rpt_variable_vlabel, NOQUOTE))" Type = "%sysfunc(sasmsg(sashelp.dmine, rpt_type_vlabel,         NOQUOTE))" _X_ = "%sysfunc(sasmsg(sashelp.dmine, rpt_numValue_vlabel, NOQUOTE))" _XLABEL_ =
12081     "%sysfunc(sasmsg(sashelp.dmine, rpt_fmtValue_vlabel ,    NOQUOTE))" COUNT = "%sysfunc(sasmsg(sashelp.dmine, rpt_count_vlabel,        NOQUOTE))" PERCENT = "%sysfunc(sasmsg(sashelp.dmine, rpt_percent_vlabel,      NOQUOTE))";
12082  dsid = open("WORK.TEMPFREQ");
12083  varnum = varnum(dsid, 'VARIABLE');
12084  freqnum = varnum(dsid, 'FREQUENCY');
12085  pvarnum = varnum(dsid, 'PERCENT');
12086  typenum = varnum(dsid, '_TYPE_');
12087  length _VARIABLE_ $32 TYPE $1 _XLABEL_ $32;
12088  do while(^fetch(dsid));
12089  _VARIABLE_ = strip(getvarc(dsid, varnum));
12090  count = getvarn(dsid, freqnum);
12091  percent= getvarn(dsid, pvarnum);
12092  vvarnum = varnum(dsid, _VARIABLE_);
12093  type = vartype(dsid, vvarnum);
12094  fvarnum = varnum(dsid, 'F_'!!substr(_VARIABLE_, 1, 30));
12095  _XLABEL_ = left(getvarc(dsid, fvarnum));
12096  _X_ = .;
12097  if TYPE eq 'N' then _X_ = getvarn(dsid, vvarnum);
12098  output;
12099  end;
12100  dsid = close(dsid);
12101  run;

NOTE: The data set WORK.PART_BAR has 2 observations and 6 variables.
NOTE: DATA statement used (Total process time):
      real time           0.01 seconds
      cpu time            0.00 seconds
      

12102  proc sort data=WORK.Part_BAR NOTHREADS;
12103  by _VARIABLE_;
12104  run;

NOTE: There were 2 observations read from the data set WORK.PART_BAR.
NOTE: The data set WORK.PART_BAR has 2 observations and 6 variables.
NOTE: PROCEDURE SORT used (Total process time):
      real time           0.00 seconds
      cpu time            0.00 seconds
      

12105  proc sort data=WORK.M2W48L_D;
12106  by Name;
12107  run;

NOTE: Input data set is already sorted, no sorting done.
NOTE: PROCEDURE SORT used (Total process time):
      real time           0.00 seconds
      cpu time            0.00 seconds
      

12108  data WORK.Part_BAR;
12109  merge WORK.Part_BAR(in=_a) WORK.M2W48L_D(keep=Name Label Role rename=(Name=_Variable_ Label=_Label_));
12110  by _Variable_;
12111  label Role = "%sysfunc(sasmsg(sashelp.dmine, meta_role_vlabel ,  NOQUOTE))";
12112  label Label = "%sysfunc(sasmsg(sashelp.dmine, meta_label_vlabel , NOQUOTE))";
12113  if _a then output;
12114  run;

NOTE: Variable Label is uninitialized.
WARNING: Multiple lengths were specified for the BY variable _VARIABLE_ by input data sets. This might cause unexpected results.
NOTE: There were 2 observations read from the data set WORK.PART_BAR.
NOTE: There were 1 observations read from the data set WORK.M2W48L_D.
NOTE: The data set WORK.PART_BAR has 2 observations and 8 variables.
NOTE: DATA statement used (Total process time):
      real time           0.01 seconds
      cpu time            0.01 seconds
      

12115  data WORK.Part_BAR;
12116  length DATA $8;
12117  set WORK.Part_BAR;
12118  DATA = "TRAIN";
12119  run;

NOTE: There were 2 observations read from the data set WORK.PART_BAR.
NOTE: The data set WORK.PART_BAR has 2 observations and 9 variables.
NOTE: DATA statement used (Total process time):
      real time           0.00 seconds
      cpu time            0.01 seconds
      

12120  data EMWS1.Part_CLASS;
12121  set EMWS1.Part_CLASS WORK.Part_BAR;
12122  run;

NOTE: There were 2 observations read from the data set EMWS1.PART_CLASS.
NOTE: There were 2 observations read from the data set WORK.PART_BAR.
NOTE: The data set EMWS1.PART_CLASS has 4 observations and 9 variables.
NOTE: DATA statement used (Total process time):
      real time           0.00 seconds
      cpu time            0.00 seconds
      

12123  *------------------------------------------------------------*;
12124  * Part: calcolo delle statistiche per le variabili target continue;
12125  *------------------------------------------------------------*;
12126  *------------------------------------------------------------*;
12127  * Part: calcolo delle statistiche per le variabili target categoriche;
12128  *------------------------------------------------------------*;
12129  ods listing close;
12130  ods output onewayfreqs=WORK.TEMPFREQ;
12131  proc freq data = EMWS1.Part_VALIDATE order=formatted addnames;
12132  table target / missing;
12133  run;

NOTE: The data set WORK.TEMPFREQ has 2 observations and 8 variables.
NOTE: There were 2035 observations read from the data set EMWS1.PART_VALIDATE.
NOTE: PROCEDURE FREQ used (Total process time):
      real time           0.01 seconds
      cpu time            0.00 seconds
      

12134  quit;
12135  ods listing;
12136  data WORK.Part_BAR(keep=_VARIABLE_ TYPE COUNT PERCENT _X_ _XLABEL_);
12137  label _VARIABLE_ = "%sysfunc(sasmsg(sashelp.dmine, rpt_variable_vlabel, NOQUOTE))" Type = "%sysfunc(sasmsg(sashelp.dmine, rpt_type_vlabel,         NOQUOTE))" _X_ = "%sysfunc(sasmsg(sashelp.dmine, rpt_numValue_vlabel, NOQUOTE))" _XLABEL_ =
12138     "%sysfunc(sasmsg(sashelp.dmine, rpt_fmtValue_vlabel ,    NOQUOTE))" COUNT = "%sysfunc(sasmsg(sashelp.dmine, rpt_count_vlabel,        NOQUOTE))" PERCENT = "%sysfunc(sasmsg(sashelp.dmine, rpt_percent_vlabel,      NOQUOTE))";
12139  dsid = open("WORK.TEMPFREQ");
12140  varnum = varnum(dsid, 'VARIABLE');
12141  freqnum = varnum(dsid, 'FREQUENCY');
12142  pvarnum = varnum(dsid, 'PERCENT');
12143  typenum = varnum(dsid, '_TYPE_');
12144  length _VARIABLE_ $32 TYPE $1 _XLABEL_ $32;
12145  do while(^fetch(dsid));
12146  _VARIABLE_ = strip(getvarc(dsid, varnum));
12147  count = getvarn(dsid, freqnum);
12148  percent= getvarn(dsid, pvarnum);
12149  vvarnum = varnum(dsid, _VARIABLE_);
12150  type = vartype(dsid, vvarnum);
12151  fvarnum = varnum(dsid, 'F_'!!substr(_VARIABLE_, 1, 30));
12152  _XLABEL_ = left(getvarc(dsid, fvarnum));
12153  _X_ = .;
12154  if TYPE eq 'N' then _X_ = getvarn(dsid, vvarnum);
12155  output;
12156  end;
12157  dsid = close(dsid);
12158  run;

NOTE: The data set WORK.PART_BAR has 2 observations and 6 variables.
NOTE: DATA statement used (Total process time):
      real time           0.01 seconds
      cpu time            0.03 seconds
      

12159  proc sort data=WORK.Part_BAR NOTHREADS;
12160  by _VARIABLE_;
12161  run;

NOTE: There were 2 observations read from the data set WORK.PART_BAR.
NOTE: The data set WORK.PART_BAR has 2 observations and 6 variables.
NOTE: PROCEDURE SORT used (Total process time):
      real time           0.00 seconds
      cpu time            0.00 seconds
      

12162  proc sort data=WORK.M2W48L_D;
12163  by Name;
12164  run;

NOTE: Input data set is already sorted, no sorting done.
NOTE: PROCEDURE SORT used (Total process time):
      real time           0.00 seconds
      cpu time            0.00 seconds
      

12165  data WORK.Part_BAR;
12166  merge WORK.Part_BAR(in=_a) WORK.M2W48L_D(keep=Name Label Role rename=(Name=_Variable_ Label=_Label_));
12167  by _Variable_;
12168  label Role = "%sysfunc(sasmsg(sashelp.dmine, meta_role_vlabel ,  NOQUOTE))";
12169  label Label = "%sysfunc(sasmsg(sashelp.dmine, meta_label_vlabel , NOQUOTE))";
12170  if _a then output;
12171  run;

NOTE: Variable Label is uninitialized.
WARNING: Multiple lengths were specified for the BY variable _VARIABLE_ by input data sets. This might cause unexpected results.
NOTE: There were 2 observations read from the data set WORK.PART_BAR.
NOTE: There were 1 observations read from the data set WORK.M2W48L_D.
NOTE: The data set WORK.PART_BAR has 2 observations and 8 variables.
NOTE: DATA statement used (Total process time):
      real time           0.01 seconds
      cpu time            0.00 seconds
      

12172  data WORK.Part_BAR;
12173  length DATA $8;
12174  set WORK.Part_BAR;
12175  DATA = "VALIDATE";
12176  run;

NOTE: There were 2 observations read from the data set WORK.PART_BAR.
NOTE: The data set WORK.PART_BAR has 2 observations and 9 variables.
NOTE: DATA statement used (Total process time):
      real time           0.00 seconds
      cpu time            0.01 seconds
      

12177  data EMWS1.Part_CLASS;
12178  set EMWS1.Part_CLASS WORK.Part_BAR;
12179  run;

NOTE: There were 4 observations read from the data set EMWS1.PART_CLASS.
NOTE: There were 2 observations read from the data set WORK.PART_BAR.
NOTE: The data set EMWS1.PART_CLASS has 6 observations and 9 variables.
NOTE: DATA statement used (Total process time):
      real time           0.00 seconds
      cpu time            0.00 seconds
      

12180  *------------------------------------------------------------*;
12181  * Part: calcolo delle statistiche per le variabili target continue;
12182  *------------------------------------------------------------*;
12183  data EMWS1.Part_CLASS(rename=(_VARIABLE_=VARIABLE _X_=VALUE _XLABEL_=FORMATTEDVALUE));
12184  label DATA = "%sysfunc(sasmsg(sashelp.dmine, rpt_data_vlabel ,   NOQUOTE))";
12185  set EMWS1.Part_CLASS;
12186  drop type role;
12187  run;

NOTE: There were 6 observations read from the data set EMWS1.PART_CLASS.
NOTE: The data set EMWS1.PART_CLASS has 6 observations and 7 variables.
NOTE: DATA statement used (Total process time):
      real time           0.00 seconds
      cpu time            0.00 seconds
      

12188  proc sort data=EMWS1.Part_CLASS NOTHREADS;
12189  by DATA;
12190  run;

NOTE: There were 6 observations read from the data set EMWS1.PART_CLASS.
NOTE: The data set EMWS1.PART_CLASS has 6 observations and 7 variables.
NOTE: PROCEDURE SORT used (Total process time):
      real time           0.00 seconds
      cpu time            0.01 seconds
      

12191  %let _cn = %sysfunc(getoption(CENTER));
12192  %let _nb = %sysfunc(getoption(NUMBER));
12193  options nonumber nocenter;
12194  proc print data=EMWS1.Part_CLASS noobs label;
12195  by DATA;
12196  title9 ' ';
12197  title10 "%sysfunc(sasmsg(sashelp.dmine, rpt_classTargetStats_title, NOQUOTE))";
12198  run;

NOTE: There were 6 observations read from the data set EMWS1.PART_CLASS.
NOTE: The PROCEDURE PRINT printed page 3.
NOTE: PROCEDURE PRINT used (Total process time):
      real time           0.00 seconds
      cpu time            0.00 seconds
      

12199  title10;
12200  options &_cn &_nb;

