*------------------------------------------------------------*
Utente:             Maria Vallarelli
Data:               20 ottobre 2020
Ora:                00:02:19
*------------------------------------------------------------*
* Output di training
*------------------------------------------------------------*
 
 
 
 
Riepilogo delle variabili
 
                         Conteggio
          Livello di         di
Ruolo     misurazione    frequenza
 
INPUT      BINARY             4
INPUT      INTERVAL           4
INPUT      NOMINAL           18
TARGET     BINARY             1


*------------------------------------------------------------*
* Output di scoring
*------------------------------------------------------------*
 
 
 
 
Valori di limitazione e di sostituzione per variabili continue
 
                                                           Valore di                    Valore di
                    Sostituisci               Limite     sostituzione      Limite     sostituzione
Variabile           variabile               inferiore      inferiore     superiore      superiore
 
Cilindrata          REP_Cilindrata             -39.08         -39.08       2753.10       2753.10
Emissioni_di_CO2    REP_Emissioni_di_CO2        33.54          33.54        196.82        196.82
Peso_a_vuoto        REP_Peso_a_vuoto           563.47         563.47       2063.98       2063.98
price               REP_price               -17140.31      -17140.31      61735.16      61735.16
 
 
 
 
Valori di sostituzione per variabili categoriche
 
                                                         Valore
                                                      alfanumerico
                                  Valore                  non          Valore      Valore di
Variabile                       formattato    Tipo     formattato     numerico    sostituzione    Etichetta
 
Classe_emissioni                               C                          .         _blank_
Colore_esterno                                 C                          .         _blank_
Consumo_carburante_combinato                   C                          .         _blank_
Consumo_carburante_urbano                      C                          .         _blank_
Tipo_di_cambio                                 C                          .         _blank_
Tipo_di_unita                                  C                          .         _blank_
Tipo_di_vernice                                C                          .         _blank_


*------------------------------------------------------------*
* Output dei report
*------------------------------------------------------------*
 
 
 
 
Conteggi delle sostituzioni
 
Oss    Variabile                       Etichetta           Ruolo    Training    Validazione
 
  1    Cilindrata                      Cilindrata          INPUT       48            32
  2    Classe_emissioni                                    INPUT        0             0
  3    Colore_esterno                                      INPUT        0             0
  4    Consumo_carburante_combinato                        INPUT        0             0
  5    Consumo_carburante_urbano                           INPUT        0             0
  6    Emissioni_di_CO2                Emissioni_di_CO2    INPUT       98            48
  7    Peso_a_vuoto                    Peso_a_vuoto        INPUT       40            16
  8    Tipo_di_cambio                                      INPUT        0             0
  9    Tipo_di_unita                                       INPUT        0             0
 10    Tipo_di_vernice                                     INPUT        0             0
 11    price                           price               INPUT       59            38
