*------------------------------------------------------------*
* Log dei report
Data:               20 ottobre 2020
Ora:                00:08:29
*------------------------------------------------------------*
16836  %let EMEXCEPTIONSTRING=;
16837  *------------------------------------------------------------*;
16838  * REPORT: EMSave;
16839  *------------------------------------------------------------*;
16840  %let EM_ACTION = REPORT;
16841  %let syscc = 0;
16842  *** MAIN MACRO FOR EMSAVE EXTENSION NODE;
16843  
16844  %macro EM_SAVEXT_MAIN;
16845  
16846     %if %upcase("&EM_ACTION") = "CREATE" %then %do;
16847         filename _create catalog 'sashelp.emutil.savext_create.source';
16848         %include _create;
16849         filename _create;
16850         %EM_SAVEXT_CREATE;
16851     %end;
16852     %else
16853     %if %upcase("&EM_ACTION") = "TRAIN" %then %do;
16854         filename _train catalog 'sashelp.emutil.savext_train.source';
16855         %include _train;
16856         filename _train;
16857         %EM_SAVEXT_TRAIN;
16858     %end;
16859  
16860  %mend EM_SAVEXT_MAIN;
16861  
16862  %EM_SAVEXT_MAIN;
16863  
16864  *------------------------------------------------------------*;
16865  * End REPORT: EMSave;
16866  *------------------------------------------------------------*;

16867  /* Reset EM Options */
16868  options formchar="|----|+|---+=|-/\<>*";
16869  options nocenter ls=256 ps=10000;
16870  goptions reset=all device=GIF NODISPLAY;

