*------------------------------------------------------------*
* Log di scoring
Data:               25 ottobre 2020
Ora:                22:53:34
*------------------------------------------------------------*
NOTE: This SAS session is using a registry in WORK.  All changes will be lost at the end of this session.
11834  data work.outkey;
11835  set EMWS1.Neural_OUTKEY;
11836  if upcase(ROLE) in('HIDDEN', 'STANDARD');
11837  run;

NOTE: There were 49 observations read from the data set EMWS1.NEURAL_OUTKEY.
NOTE: The data set WORK.OUTKEY has 2 observations and 8 variables.
NOTE: DATA statement used (Total process time):
      real time           0.01 seconds
      cpu time            0.01 seconds
      

11838  filename emflow "C:\Users\Maria Vallarelli\Desktop\MASTER SLIDE\STATISTICA\LABORATORIO\AUTOSCOUT\autoscout\Workspaces\EMWS1\Neural\EMFLOWSCORE.sas";
11839  *------------------------------------------------------------*;
11840  * Neural: Scoring DATA data;
11841  *------------------------------------------------------------*;
11842  data EMWS1.Neural_TRAIN
11843  / view=EMWS1.Neural_TRAIN
11844  ;
11845  set EMWS1.Varsel_TRAIN
11846  ;
11847  %inc emflow;
12656  run;

NOTE: DATA STEP view saved on file EMWS1.NEURAL_TRAIN.
NOTE: A stored DATA STEP view cannot run under a different operating system.
NOTE: Visualizza EMWS1.VARSEL_TRAIN.VIEW used (Total process time):
      real time           0.20 seconds
      cpu time            0.20 seconds
      
NOTE: DATA statement used (Total process time):
      real time           0.23 seconds
      cpu time            0.23 seconds
      

12657  quit;
12658  filename emflow;
NOTE: Fileref EMFLOW has been deassigned.

12659  filename emflow "C:\Users\Maria Vallarelli\Desktop\MASTER SLIDE\STATISTICA\LABORATORIO\AUTOSCOUT\autoscout\Workspaces\EMWS1\Neural\EMFLOWSCORE.sas";
12660  *------------------------------------------------------------*;
12661  * Neural: Scoring VALIDATE data;
12662  *------------------------------------------------------------*;
12663  data EMWS1.Neural_VALIDATE
12664  / view=EMWS1.Neural_VALIDATE
12665  ;
12666  set EMWS1.Varsel_VALIDATE
12667  ;
12668  %inc emflow;
13477  run;

NOTE: DATA STEP view saved on file EMWS1.NEURAL_VALIDATE.
NOTE: A stored DATA STEP view cannot run under a different operating system.
NOTE: Visualizza EMWS1.VARSEL_VALIDATE.VIEW used (Total process time):
      real time           0.18 seconds
      cpu time            0.17 seconds
      
NOTE: DATA statement used (Total process time):
      real time           0.21 seconds
      cpu time            0.20 seconds
      

13478  quit;
13479  filename emflow;
NOTE: Fileref EMFLOW has been deassigned.

13480  *------------------------------------------------------------*;
13481  * Neural: Computing metadata for TRAIN data;
13482  *------------------------------------------------------------*;

NOTE: Visualizza EMWS1.NEURAL_TRAIN.VIEW used (Total process time):
      real time           0.21 seconds
      cpu time            0.21 seconds
      
13835  data WORK.MODELTEMP_INFO;
13836  set EMWS1.Neural_EMINFO;
13837  where DATA='Neural' and KEY ^in('DECDATA', 'DECMETA', 'IMPORTANCE', 'MODEL');
13838  run;

NOTE: There were 0 observations read from the data set EMWS1.NEURAL_EMINFO.
      WHERE (DATA='Neural') and KEY not in ('DECDATA', 'DECMETA', 'IMPORTANCE', 'MODEL');
NOTE: The data set WORK.MODELTEMP_INFO has 0 observations and 3 variables.
NOTE: DATA statement used (Total process time):
      real time           0.01 seconds
      cpu time            0.00 seconds
      

13839  data EMWS1.Neural_EMINFO;
13840  length TARGET KEY $32 DATA $43;
13841  input TARGET KEY DATA $;
13842  cards;

NOTE: The data set EMWS1.NEURAL_EMINFO has 3 observations and 3 variables.
NOTE: DATA statement used (Total process time):
      real time           0.01 seconds
      cpu time            0.01 seconds
      

13846  run;
13847  data EMWS1.Neural_EMINFO;
13848  set EMWS1.Neural_EMINFO WORK.MODELTEMP_INFO;
13849  run;

NOTE: There were 3 observations read from the data set EMWS1.NEURAL_EMINFO.
NOTE: There were 0 observations read from the data set WORK.MODELTEMP_INFO.
NOTE: The data set EMWS1.NEURAL_EMINFO has 3 observations and 3 variables.
NOTE: DATA statement used (Total process time):
      real time           0.00 seconds
      cpu time            0.00 seconds
      

13850  proc sort data = EMWS1.Neural_EMINFO NOTHREADS;
13851  by TARGET KEY;
13852  run;

NOTE: There were 3 observations read from the data set EMWS1.NEURAL_EMINFO.
NOTE: The data set EMWS1.NEURAL_EMINFO has 3 observations and 3 variables.
NOTE: PROCEDURE SORT used (Total process time):
      real time           0.00 seconds
      cpu time            0.00 seconds
      

13853  proc sort data = EMWS1.Ids_EMINFO OUT=WORK.SORTEDEMINFO NOTHREADS;
13854  by TARGET KEY;
13855  run;

NOTE: There were 4 observations read from the data set EMWS1.IDS_EMINFO.
NOTE: The data set WORK.SORTEDEMINFO has 4 observations and 3 variables.
NOTE: PROCEDURE SORT used (Total process time):
      real time           0.00 seconds
      cpu time            0.01 seconds
      

13856  proc sort data = EMWS1.Neural_EMINFO OUT=WORK.TEMP_INFO NOTHREADS;
13857  by TARGET KEY;
13858  run;

NOTE: Input data set is already sorted; it has been copied to the output data set.
NOTE: There were 3 observations read from the data set EMWS1.NEURAL_EMINFO.
NOTE: The data set WORK.TEMP_INFO has 3 observations and 3 variables.
NOTE: PROCEDURE SORT used (Total process time):
      real time           0.00 seconds
      cpu time            0.00 seconds
      

13859  data EMWS1.Neural_EMINFO;
13860  merge WORK.SORTEDEMINFO WORK.TEMP_INFO;
13861  by TARGET KEY;
13862  run;

NOTE: There were 4 observations read from the data set WORK.SORTEDEMINFO.
NOTE: There were 3 observations read from the data set WORK.TEMP_INFO.
NOTE: The data set EMWS1.NEURAL_EMINFO has 5 observations and 3 variables.
NOTE: DATA statement used (Total process time):
      real time           0.00 seconds
      cpu time            0.01 seconds
      

13863  proc datasets lib=work nolist;
13864  delete TEMP_INFO SORTEDEMINFO;
13865  run;

NOTE: Deleting WORK.TEMP_INFO (memtype=DATA).
NOTE: Deleting WORK.SORTEDEMINFO (memtype=DATA).
13866  quit;

NOTE: PROCEDURE DATASETS used (Total process time):
      real time           0.01 seconds
      cpu time            0.01 seconds
      

NOTE: Visualizza EMWS1.NEURAL_TRAIN.VIEW used (Total process time):
      real time           0.17 seconds
      cpu time            0.15 seconds
      
NOTE: Visualizza EMWS1.NEURAL_VALIDATE.VIEW used (Total process time):
      real time           0.20 seconds
      cpu time            0.20 seconds
      
