*------------------------------------------------------------*
* Log di scoring
Data:               19 ottobre 2020
Ora:                23:35:51
*------------------------------------------------------------*
12719  *------------------------------------------------------------*;
12720  * Stat: Scoring DATA data;
12721  *------------------------------------------------------------*;
12722  data EMWS1.Stat_TRAIN
12723  / view=EMWS1.Stat_TRAIN
12724  ;
12725  set EMWS1.Ids_DATA
12726  ;
12727  run;

NOTE: DATA STEP view saved on file EMWS1.STAT_TRAIN.
NOTE: A stored DATA STEP view cannot run under a different operating system.
NOTE: Visualizza EMWS1.IDS_DATA.VIEW used (Total process time):
      real time           0.02 seconds
      cpu time            0.03 seconds
      
NOTE: DATA statement used (Total process time):
      real time           0.04 seconds
      cpu time            0.04 seconds
      

12728  quit;

12729  *------------------------------------------------------------*;
12730  * Stat: Computing metadata for TRAIN data;
12731  *------------------------------------------------------------*;

NOTE: Visualizza EMWS1.STAT_TRAIN.VIEW used (Total process time):
      real time           0.05 seconds
      cpu time            0.04 seconds
      
NOTE: Visualizza EMWS1.STAT_TRAIN.VIEW used (Total process time):
      real time           0.04 seconds
      cpu time            0.04 seconds
      
